This file contains any messages produced by compilers while
running configure, to aid debugging if configure makes a mistake.

It was created by libzip configure 0.11.2, which was
generated by GNU Autoconf 2.69.  Invocation command line was

  $ ./configure 

## --------- ##
## Platform. ##
## --------- ##

hostname = len
uname -m = x86_64
uname -r = 3.13.0-36-generic
uname -s = Linux
uname -v = #63-Ubuntu SMP Wed Sep 3 21:30:07 UTC 2014

/usr/bin/uname -p = unknown
/bin/uname -X     = unknown

/bin/arch              = unknown
/usr/bin/arch -k       = unknown
/usr/convex/getsysinfo = unknown
/usr/bin/hostinfo      = unknown
/bin/machine           = unknown
/usr/bin/oslevel       = unknown
/bin/universe          = unknown

PATH: /usr/local/sbin
PATH: /usr/local/bin
PATH: /usr/sbin
PATH: /usr/bin
PATH: /sbin
PATH: /bin
PATH: /usr/games
PATH: /usr/local/games
PATH: /usr/local/cuda-5.0/bin
PATH: /usr/local/cuda-5.0/bin


## ----------- ##
## Core tests. ##
## ----------- ##

configure:2603: checking for a BSD-compatible install
configure:2671: result: /usr/bin/install -c
configure:2682: checking whether build environment is sane
configure:2737: result: yes
configure:2888: checking for a thread-safe mkdir -p
configure:2927: result: /bin/mkdir -p
configure:2934: checking for gawk
configure:2950: found /usr/bin/gawk
configure:2961: result: gawk
configure:2972: checking whether make sets $(MAKE)
configure:2994: result: yes
configure:3023: checking whether make supports nested variables
configure:3040: result: yes
configure:3215: checking for gcc
configure:3231: found /usr/bin/gcc
configure:3242: result: gcc
configure:3471: checking for C compiler version
configure:3480: gcc --version >&5
gcc (Ubuntu 4.8.2-19ubuntu1) 4.8.2
Copyright (C) 2013 Free Software Foundation, Inc.
This is free software; see the source for copying conditions.  There is NO
warranty; not even for MERCHANTABILITY or FITNESS FOR A PARTICULAR PURPOSE.

configure:3491: $? = 0
configure:3480: gcc -v >&5
Using built-in specs.
COLLECT_GCC=gcc
COLLECT_LTO_WRAPPER=/usr/lib/gcc/x86_64-linux-gnu/4.8/lto-wrapper
Target: x86_64-linux-gnu
Configured with: ../src/configure -v --with-pkgversion='Ubuntu 4.8.2-19ubuntu1' --with-bugurl=file:///usr/share/doc/gcc-4.8/README.Bugs --enable-languages=c,c++,java,go,d,fortran,objc,obj-c++ --prefix=/usr --program-suffix=-4.8 --enable-shared --enable-linker-build-id --libexecdir=/usr/lib --without-included-gettext --enable-threads=posix --with-gxx-include-dir=/usr/include/c++/4.8 --libdir=/usr/lib --enable-nls --with-sysroot=/ --enable-clocale=gnu --enable-libstdcxx-debug --enable-libstdcxx-time=yes --enable-gnu-unique-object --disable-libmudflap --enable-plugin --with-system-zlib --disable-browser-plugin --enable-java-awt=gtk --enable-gtk-cairo --with-java-home=/usr/lib/jvm/java-1.5.0-gcj-4.8-amd64/jre --enable-java-home --with-jvm-root-dir=/usr/lib/jvm/java-1.5.0-gcj-4.8-amd64 --with-jvm-jar-dir=/usr/lib/jvm-exports/java-1.5.0-gcj-4.8-amd64 --with-arch-directory=amd64 --with-ecj-jar=/usr/share/java/eclipse-ecj.jar --enable-objc-gc --enable-multiarch --disable-werror --with-arch-32=i686 --with-abi=m64 --with-multilib-list=m32,m64,mx32 --with-tune=generic --enable-checking=release --build=x86_64-linux-gnu --host=x86_64-linux-gnu --target=x86_64-linux-gnu
Thread model: posix
gcc version 4.8.2 (Ubuntu 4.8.2-19ubuntu1) 
configure:3491: $? = 0
configure:3480: gcc -V >&5
gcc: error: unrecognized command line option '-V'
gcc: fatal error: no input files
compilation terminated.
configure:3491: $? = 4
configure:3480: gcc -qversion >&5
gcc: error: unrecognized command line option '-qversion'
gcc: fatal error: no input files
compilation terminated.
configure:3491: $? = 4
configure:3511: checking whether the C compiler works
configure:3533: gcc    conftest.c  >&5
configure:3537: $? = 0
configure:3585: result: yes
configure:3588: checking for C compiler default output file name
configure:3590: result: a.out
configure:3596: checking for suffix of executables
configure:3603: gcc -o conftest    conftest.c  >&5
configure:3607: $? = 0
configure:3629: result: 
configure:3651: checking whether we are cross compiling
configure:3659: gcc -o conftest    conftest.c  >&5
configure:3663: $? = 0
configure:3670: ./conftest
configure:3674: $? = 0
configure:3689: result: no
configure:3694: checking for suffix of object files
configure:3716: gcc -c   conftest.c >&5
configure:3720: $? = 0
configure:3741: result: o
configure:3745: checking whether we are using the GNU C compiler
configure:3764: gcc -c   conftest.c >&5
configure:3764: $? = 0
configure:3773: result: yes
configure:3782: checking whether gcc accepts -g
configure:3802: gcc -c -g  conftest.c >&5
configure:3802: $? = 0
configure:3843: result: yes
configure:3860: checking for gcc option to accept ISO C89
configure:3923: gcc  -c -g -O2  conftest.c >&5
configure:3923: $? = 0
configure:3936: result: none needed
configure:3961: checking whether gcc understands -c and -o together
configure:3983: gcc -c conftest.c -o conftest2.o
configure:3986: $? = 0
configure:3983: gcc -c conftest.c -o conftest2.o
configure:3986: $? = 0
configure:3998: result: yes
configure:4026: checking for style of include used by make
configure:4054: result: GNU
configure:4080: checking dependency style of gcc
configure:4191: result: gcc3
configure:4214: checking for special C compiler options needed for large files
configure:4259: result: no
configure:4265: checking for _FILE_OFFSET_BITS value needed for large files
configure:4290: gcc -c -g -O2  conftest.c >&5
configure:4290: $? = 0
configure:4322: result: no
configure:4434: checking for main in -lz
configure:4453: gcc -o conftest -g -O2   conftest.c -lz   >&5
configure:4453: $? = 0
configure:4462: result: yes
configure:4473: checking new ZLIB version
configure:4489: gcc -c -g -O2  conftest.c >&5
configure:4489: $? = 0
configure:4496: result: yes
configure:4534: checking build system type
configure:4548: result: x86_64-unknown-linux-gnu
configure:4568: checking host system type
configure:4581: result: x86_64-unknown-linux-gnu
configure:4622: checking how to print strings
configure:4649: result: printf
configure:4670: checking for a sed that does not truncate output
configure:4734: result: /bin/sed
configure:4752: checking for grep that handles long lines and -e
configure:4810: result: /bin/grep
configure:4815: checking for egrep
configure:4877: result: /bin/grep -E
configure:4882: checking for fgrep
configure:4944: result: /bin/grep -F
configure:4979: checking for ld used by gcc
configure:5046: result: /usr/bin/ld
configure:5053: checking if the linker (/usr/bin/ld) is GNU ld
configure:5068: result: yes
configure:5080: checking for BSD- or MS-compatible name lister (nm)
configure:5129: result: /usr/bin/nm -B
configure:5259: checking the name lister (/usr/bin/nm -B) interface
configure:5266: gcc -c -g -O2  conftest.c >&5
configure:5269: /usr/bin/nm -B "conftest.o"
configure:5272: output
0000000000000000 B some_variable
configure:5279: result: BSD nm
configure:5282: checking whether ln -s works
configure:5286: result: yes
configure:5294: checking the maximum length of command line arguments
configure:5424: result: 1572864
configure:5441: checking whether the shell understands some XSI constructs
configure:5451: result: yes
configure:5455: checking whether the shell understands "+="
configure:5461: result: yes
configure:5496: checking how to convert x86_64-unknown-linux-gnu file names to x86_64-unknown-linux-gnu format
configure:5536: result: func_convert_file_noop
configure:5543: checking how to convert x86_64-unknown-linux-gnu file names to toolchain format
configure:5563: result: func_convert_file_noop
configure:5570: checking for /usr/bin/ld option to reload object files
configure:5577: result: -r
configure:5651: checking for objdump
configure:5667: found /usr/bin/objdump
configure:5678: result: objdump
configure:5710: checking how to recognize dependent libraries
configure:5912: result: pass_all
configure:5997: checking for dlltool
configure:6027: result: no
configure:6057: checking how to associate runtime and link libraries
configure:6084: result: printf %s\n
configure:6144: checking for ar
configure:6160: found /usr/bin/ar
configure:6171: result: ar
configure:6208: checking for archiver @FILE support
configure:6225: gcc -c -g -O2  conftest.c >&5
configure:6225: $? = 0
configure:6228: ar cru libconftest.a @conftest.lst >&5
configure:6231: $? = 0
configure:6236: ar cru libconftest.a @conftest.lst >&5
ar: conftest.o: No such file or directory
configure:6239: $? = 1
configure:6251: result: @
configure:6309: checking for strip
configure:6325: found /usr/bin/strip
configure:6336: result: strip
configure:6408: checking for ranlib
configure:6424: found /usr/bin/ranlib
configure:6435: result: ranlib
configure:6537: checking command to parse /usr/bin/nm -B output from gcc object
configure:6657: gcc -c -g -O2  conftest.c >&5
configure:6660: $? = 0
configure:6664: /usr/bin/nm -B conftest.o \| sed -n -e 's/^.*[ ]\([ABCDGIRSTW][ABCDGIRSTW]*\)[ ][ ]*\([_A-Za-z][_A-Za-z0-9]*\)$/\1 \2 \2/p' | sed '/ __gnu_lto/d' \> conftest.nm
configure:6667: $? = 0
configure:6733: gcc -o conftest -g -O2   conftest.c conftstm.o >&5
configure:6736: $? = 0
configure:6774: result: ok
configure:6811: checking for sysroot
configure:6841: result: no
configure:6918: gcc -c -g -O2  conftest.c >&5
configure:6921: $? = 0
configure:7097: checking for mt
configure:7113: found /bin/mt
configure:7124: result: mt
configure:7147: checking if mt is a manifest tool
configure:7153: mt '-?'
configure:7161: result: no
configure:7803: checking how to run the C preprocessor
configure:7834: gcc -E  conftest.c
configure:7834: $? = 0
configure:7848: gcc -E  conftest.c
conftest.c:12:28: fatal error: ac_nonexistent.h: No such file or directory
 #include <ac_nonexistent.h>
                            ^
compilation terminated.
configure:7848: $? = 1
configure: failed program was:
| /* confdefs.h */
| #define PACKAGE_NAME "libzip"
| #define PACKAGE_TARNAME "libzip"
| #define PACKAGE_VERSION "0.11.2"
| #define PACKAGE_STRING "libzip 0.11.2"
| #define PACKAGE_BUGREPORT "libzip@nih.at"
| #define PACKAGE_URL ""
| #define PACKAGE "libzip"
| #define VERSION "0.11.2"
| #define HAVE_LIBZ 1
| /* end confdefs.h.  */
| #include <ac_nonexistent.h>
configure:7873: result: gcc -E
configure:7893: gcc -E  conftest.c
configure:7893: $? = 0
configure:7907: gcc -E  conftest.c
conftest.c:12:28: fatal error: ac_nonexistent.h: No such file or directory
 #include <ac_nonexistent.h>
                            ^
compilation terminated.
configure:7907: $? = 1
configure: failed program was:
| /* confdefs.h */
| #define PACKAGE_NAME "libzip"
| #define PACKAGE_TARNAME "libzip"
| #define PACKAGE_VERSION "0.11.2"
| #define PACKAGE_STRING "libzip 0.11.2"
| #define PACKAGE_BUGREPORT "libzip@nih.at"
| #define PACKAGE_URL ""
| #define PACKAGE "libzip"
| #define VERSION "0.11.2"
| #define HAVE_LIBZ 1
| /* end confdefs.h.  */
| #include <ac_nonexistent.h>
configure:7936: checking for ANSI C header files
configure:7956: gcc -c -g -O2  conftest.c >&5
configure:7956: $? = 0
configure:8029: gcc -o conftest -g -O2   conftest.c -lz  >&5
configure:8029: $? = 0
configure:8029: ./conftest
configure:8029: $? = 0
configure:8040: result: yes
configure:8053: checking for sys/types.h
configure:8053: gcc -c -g -O2  conftest.c >&5
configure:8053: $? = 0
configure:8053: result: yes
configure:8053: checking for sys/stat.h
configure:8053: gcc -c -g -O2  conftest.c >&5
configure:8053: $? = 0
configure:8053: result: yes
configure:8053: checking for stdlib.h
configure:8053: gcc -c -g -O2  conftest.c >&5
configure:8053: $? = 0
configure:8053: result: yes
configure:8053: checking for string.h
configure:8053: gcc -c -g -O2  conftest.c >&5
configure:8053: $? = 0
configure:8053: result: yes
configure:8053: checking for memory.h
configure:8053: gcc -c -g -O2  conftest.c >&5
configure:8053: $? = 0
configure:8053: result: yes
configure:8053: checking for strings.h
configure:8053: gcc -c -g -O2  conftest.c >&5
configure:8053: $? = 0
configure:8053: result: yes
configure:8053: checking for inttypes.h
configure:8053: gcc -c -g -O2  conftest.c >&5
configure:8053: $? = 0
configure:8053: result: yes
configure:8053: checking for stdint.h
configure:8053: gcc -c -g -O2  conftest.c >&5
configure:8053: $? = 0
configure:8053: result: yes
configure:8053: checking for unistd.h
configure:8053: gcc -c -g -O2  conftest.c >&5
configure:8053: $? = 0
configure:8053: result: yes
configure:8067: checking for dlfcn.h
configure:8067: gcc -c -g -O2  conftest.c >&5
configure:8067: $? = 0
configure:8067: result: yes
configure:8273: checking for objdir
configure:8288: result: .libs
configure:8559: checking if gcc supports -fno-rtti -fno-exceptions
configure:8577: gcc -c -g -O2  -fno-rtti -fno-exceptions conftest.c >&5
cc1: warning: command line option '-fno-rtti' is valid for C++/ObjC++ but not for C [enabled by default]
configure:8581: $? = 0
configure:8594: result: no
configure:8921: checking for gcc option to produce PIC
configure:8928: result: -fPIC -DPIC
configure:8936: checking if gcc PIC flag -fPIC -DPIC works
configure:8954: gcc -c -g -O2  -fPIC -DPIC -DPIC conftest.c >&5
configure:8958: $? = 0
configure:8971: result: yes
configure:9000: checking if gcc static flag -static works
configure:9028: result: yes
configure:9043: checking if gcc supports -c -o file.o
configure:9064: gcc -c -g -O2  -o out/conftest2.o conftest.c >&5
configure:9068: $? = 0
configure:9090: result: yes
configure:9098: checking if gcc supports -c -o file.o
configure:9145: result: yes
configure:9178: checking whether the gcc linker (/usr/bin/ld -m elf_x86_64) supports shared libraries
configure:10331: result: yes
configure:10368: checking whether -lc should be explicitly linked in
configure:10376: gcc -c -g -O2  conftest.c >&5
configure:10379: $? = 0
configure:10394: gcc -shared  -fPIC -DPIC conftest.o  -v -Wl,-soname -Wl,conftest -o conftest 2\>\&1 \| /bin/grep  -lc  \>/dev/null 2\>\&1
configure:10397: $? = 0
configure:10411: result: no
configure:10571: checking dynamic linker characteristics
configure:11082: gcc -o conftest -g -O2   -Wl,-rpath -Wl,/foo conftest.c -lz  >&5
configure:11082: $? = 0
configure:11304: result: GNU/Linux ld.so
configure:11411: checking how to hardcode library paths into programs
configure:11436: result: immediate
configure:11976: checking whether stripping libraries is possible
configure:11981: result: yes
configure:12016: checking if libtool supports shared libraries
configure:12018: result: yes
configure:12021: checking whether to build shared libraries
configure:12042: result: yes
configure:12045: checking whether to build static libraries
configure:12049: result: yes
configure:12090: checking for _close
configure:12090: gcc -o conftest -g -O2   conftest.c -lz  >&5
/tmp/ccQWDO3Q.o: In function `main':
/home/kriss/hg/lua/lib_zip/conftest.c:58: undefined reference to `_close'
collect2: error: ld returned 1 exit status
configure:12090: $? = 1
configure: failed program was:
| /* confdefs.h */
| #define PACKAGE_NAME "libzip"
| #define PACKAGE_TARNAME "libzip"
| #define PACKAGE_VERSION "0.11.2"
| #define PACKAGE_STRING "libzip 0.11.2"
| #define PACKAGE_BUGREPORT "libzip@nih.at"
| #define PACKAGE_URL ""
| #define PACKAGE "libzip"
| #define VERSION "0.11.2"
| #define HAVE_LIBZ 1
| #define STDC_HEADERS 1
| #define HAVE_SYS_TYPES_H 1
| #define HAVE_SYS_STAT_H 1
| #define HAVE_STDLIB_H 1
| #define HAVE_STRING_H 1
| #define HAVE_MEMORY_H 1
| #define HAVE_STRINGS_H 1
| #define HAVE_INTTYPES_H 1
| #define HAVE_STDINT_H 1
| #define HAVE_UNISTD_H 1
| #define HAVE_DLFCN_H 1
| #define LT_OBJDIR ".libs/"
| /* end confdefs.h.  */
| /* Define _close to an innocuous variant, in case <limits.h> declares _close.
|    For example, HP-UX 11i <limits.h> declares gettimeofday.  */
| #define _close innocuous__close
| 
| /* System header to define __stub macros and hopefully few prototypes,
|     which can conflict with char _close (); below.
|     Prefer <limits.h> to <assert.h> if __STDC__ is defined, since
|     <limits.h> exists even on freestanding compilers.  */
| 
| #ifdef __STDC__
| # include <limits.h>
| #else
| # include <assert.h>
| #endif
| 
| #undef _close
| 
| /* Override any GCC internal prototype to avoid an error.
|    Use char because int might match the return type of a GCC
|    builtin and then its argument prototype would still apply.  */
| #ifdef __cplusplus
| extern "C"
| #endif
| char _close ();
| /* The GNU C library defines this for functions which it implements
|     to always fail with ENOSYS.  Some functions are actually named
|     something starting with __ and the normal name is an alias.  */
| #if defined __stub__close || defined __stub____close
| choke me
| #endif
| 
| int
| main ()
| {
| return _close ();
|   ;
|   return 0;
| }
configure:12090: result: no
configure:12090: checking for _dup
configure:12090: gcc -o conftest -g -O2   conftest.c -lz  >&5
/tmp/ccaDY1r0.o: In function `main':
/home/kriss/hg/lua/lib_zip/conftest.c:58: undefined reference to `_dup'
collect2: error: ld returned 1 exit status
configure:12090: $? = 1
configure: failed program was:
| /* confdefs.h */
| #define PACKAGE_NAME "libzip"
| #define PACKAGE_TARNAME "libzip"
| #define PACKAGE_VERSION "0.11.2"
| #define PACKAGE_STRING "libzip 0.11.2"
| #define PACKAGE_BUGREPORT "libzip@nih.at"
| #define PACKAGE_URL ""
| #define PACKAGE "libzip"
| #define VERSION "0.11.2"
| #define HAVE_LIBZ 1
| #define STDC_HEADERS 1
| #define HAVE_SYS_TYPES_H 1
| #define HAVE_SYS_STAT_H 1
| #define HAVE_STDLIB_H 1
| #define HAVE_STRING_H 1
| #define HAVE_MEMORY_H 1
| #define HAVE_STRINGS_H 1
| #define HAVE_INTTYPES_H 1
| #define HAVE_STDINT_H 1
| #define HAVE_UNISTD_H 1
| #define HAVE_DLFCN_H 1
| #define LT_OBJDIR ".libs/"
| /* end confdefs.h.  */
| /* Define _dup to an innocuous variant, in case <limits.h> declares _dup.
|    For example, HP-UX 11i <limits.h> declares gettimeofday.  */
| #define _dup innocuous__dup
| 
| /* System header to define __stub macros and hopefully few prototypes,
|     which can conflict with char _dup (); below.
|     Prefer <limits.h> to <assert.h> if __STDC__ is defined, since
|     <limits.h> exists even on freestanding compilers.  */
| 
| #ifdef __STDC__
| # include <limits.h>
| #else
| # include <assert.h>
| #endif
| 
| #undef _dup
| 
| /* Override any GCC internal prototype to avoid an error.
|    Use char because int might match the return type of a GCC
|    builtin and then its argument prototype would still apply.  */
| #ifdef __cplusplus
| extern "C"
| #endif
| char _dup ();
| /* The GNU C library defines this for functions which it implements
|     to always fail with ENOSYS.  Some functions are actually named
|     something starting with __ and the normal name is an alias.  */
| #if defined __stub__dup || defined __stub____dup
| choke me
| #endif
| 
| int
| main ()
| {
| return _dup ();
|   ;
|   return 0;
| }
configure:12090: result: no
configure:12090: checking for _fdopen
configure:12090: gcc -o conftest -g -O2   conftest.c -lz  >&5
/tmp/cceLX0i5.o: In function `main':
/home/kriss/hg/lua/lib_zip/conftest.c:58: undefined reference to `_fdopen'
collect2: error: ld returned 1 exit status
configure:12090: $? = 1
configure: failed program was:
| /* confdefs.h */
| #define PACKAGE_NAME "libzip"
| #define PACKAGE_TARNAME "libzip"
| #define PACKAGE_VERSION "0.11.2"
| #define PACKAGE_STRING "libzip 0.11.2"
| #define PACKAGE_BUGREPORT "libzip@nih.at"
| #define PACKAGE_URL ""
| #define PACKAGE "libzip"
| #define VERSION "0.11.2"
| #define HAVE_LIBZ 1
| #define STDC_HEADERS 1
| #define HAVE_SYS_TYPES_H 1
| #define HAVE_SYS_STAT_H 1
| #define HAVE_STDLIB_H 1
| #define HAVE_STRING_H 1
| #define HAVE_MEMORY_H 1
| #define HAVE_STRINGS_H 1
| #define HAVE_INTTYPES_H 1
| #define HAVE_STDINT_H 1
| #define HAVE_UNISTD_H 1
| #define HAVE_DLFCN_H 1
| #define LT_OBJDIR ".libs/"
| /* end confdefs.h.  */
| /* Define _fdopen to an innocuous variant, in case <limits.h> declares _fdopen.
|    For example, HP-UX 11i <limits.h> declares gettimeofday.  */
| #define _fdopen innocuous__fdopen
| 
| /* System header to define __stub macros and hopefully few prototypes,
|     which can conflict with char _fdopen (); below.
|     Prefer <limits.h> to <assert.h> if __STDC__ is defined, since
|     <limits.h> exists even on freestanding compilers.  */
| 
| #ifdef __STDC__
| # include <limits.h>
| #else
| # include <assert.h>
| #endif
| 
| #undef _fdopen
| 
| /* Override any GCC internal prototype to avoid an error.
|    Use char because int might match the return type of a GCC
|    builtin and then its argument prototype would still apply.  */
| #ifdef __cplusplus
| extern "C"
| #endif
| char _fdopen ();
| /* The GNU C library defines this for functions which it implements
|     to always fail with ENOSYS.  Some functions are actually named
|     something starting with __ and the normal name is an alias.  */
| #if defined __stub__fdopen || defined __stub____fdopen
| choke me
| #endif
| 
| int
| main ()
| {
| return _fdopen ();
|   ;
|   return 0;
| }
configure:12090: result: no
configure:12090: checking for _fileno
configure:12090: gcc -o conftest -g -O2   conftest.c -lz  >&5
/tmp/cc75fcL9.o: In function `main':
/home/kriss/hg/lua/lib_zip/conftest.c:58: undefined reference to `_fileno'
collect2: error: ld returned 1 exit status
configure:12090: $? = 1
configure: failed program was:
| /* confdefs.h */
| #define PACKAGE_NAME "libzip"
| #define PACKAGE_TARNAME "libzip"
| #define PACKAGE_VERSION "0.11.2"
| #define PACKAGE_STRING "libzip 0.11.2"
| #define PACKAGE_BUGREPORT "libzip@nih.at"
| #define PACKAGE_URL ""
| #define PACKAGE "libzip"
| #define VERSION "0.11.2"
| #define HAVE_LIBZ 1
| #define STDC_HEADERS 1
| #define HAVE_SYS_TYPES_H 1
| #define HAVE_SYS_STAT_H 1
| #define HAVE_STDLIB_H 1
| #define HAVE_STRING_H 1
| #define HAVE_MEMORY_H 1
| #define HAVE_STRINGS_H 1
| #define HAVE_INTTYPES_H 1
| #define HAVE_STDINT_H 1
| #define HAVE_UNISTD_H 1
| #define HAVE_DLFCN_H 1
| #define LT_OBJDIR ".libs/"
| /* end confdefs.h.  */
| /* Define _fileno to an innocuous variant, in case <limits.h> declares _fileno.
|    For example, HP-UX 11i <limits.h> declares gettimeofday.  */
| #define _fileno innocuous__fileno
| 
| /* System header to define __stub macros and hopefully few prototypes,
|     which can conflict with char _fileno (); below.
|     Prefer <limits.h> to <assert.h> if __STDC__ is defined, since
|     <limits.h> exists even on freestanding compilers.  */
| 
| #ifdef __STDC__
| # include <limits.h>
| #else
| # include <assert.h>
| #endif
| 
| #undef _fileno
| 
| /* Override any GCC internal prototype to avoid an error.
|    Use char because int might match the return type of a GCC
|    builtin and then its argument prototype would still apply.  */
| #ifdef __cplusplus
| extern "C"
| #endif
| char _fileno ();
| /* The GNU C library defines this for functions which it implements
|     to always fail with ENOSYS.  Some functions are actually named
|     something starting with __ and the normal name is an alias.  */
| #if defined __stub__fileno || defined __stub____fileno
| choke me
| #endif
| 
| int
| main ()
| {
| return _fileno ();
|   ;
|   return 0;
| }
configure:12090: result: no
configure:12090: checking for _open
configure:12090: gcc -o conftest -g -O2   conftest.c -lz  >&5
/tmp/ccdUtTKe.o: In function `main':
/home/kriss/hg/lua/lib_zip/conftest.c:58: undefined reference to `_open'
collect2: error: ld returned 1 exit status
configure:12090: $? = 1
configure: failed program was:
| /* confdefs.h */
| #define PACKAGE_NAME "libzip"
| #define PACKAGE_TARNAME "libzip"
| #define PACKAGE_VERSION "0.11.2"
| #define PACKAGE_STRING "libzip 0.11.2"
| #define PACKAGE_BUGREPORT "libzip@nih.at"
| #define PACKAGE_URL ""
| #define PACKAGE "libzip"
| #define VERSION "0.11.2"
| #define HAVE_LIBZ 1
| #define STDC_HEADERS 1
| #define HAVE_SYS_TYPES_H 1
| #define HAVE_SYS_STAT_H 1
| #define HAVE_STDLIB_H 1
| #define HAVE_STRING_H 1
| #define HAVE_MEMORY_H 1
| #define HAVE_STRINGS_H 1
| #define HAVE_INTTYPES_H 1
| #define HAVE_STDINT_H 1
| #define HAVE_UNISTD_H 1
| #define HAVE_DLFCN_H 1
| #define LT_OBJDIR ".libs/"
| /* end confdefs.h.  */
| /* Define _open to an innocuous variant, in case <limits.h> declares _open.
|    For example, HP-UX 11i <limits.h> declares gettimeofday.  */
| #define _open innocuous__open
| 
| /* System header to define __stub macros and hopefully few prototypes,
|     which can conflict with char _open (); below.
|     Prefer <limits.h> to <assert.h> if __STDC__ is defined, since
|     <limits.h> exists even on freestanding compilers.  */
| 
| #ifdef __STDC__
| # include <limits.h>
| #else
| # include <assert.h>
| #endif
| 
| #undef _open
| 
| /* Override any GCC internal prototype to avoid an error.
|    Use char because int might match the return type of a GCC
|    builtin and then its argument prototype would still apply.  */
| #ifdef __cplusplus
| extern "C"
| #endif
| char _open ();
| /* The GNU C library defines this for functions which it implements
|     to always fail with ENOSYS.  Some functions are actually named
|     something starting with __ and the normal name is an alias.  */
| #if defined __stub__open || defined __stub____open
| choke me
| #endif
| 
| int
| main ()
| {
| return _open ();
|   ;
|   return 0;
| }
configure:12090: result: no
configure:12090: checking for _snprintf
configure:12090: gcc -o conftest -g -O2   conftest.c -lz  >&5
/tmp/cc31xmKj.o: In function `main':
/home/kriss/hg/lua/lib_zip/conftest.c:58: undefined reference to `_snprintf'
collect2: error: ld returned 1 exit status
configure:12090: $? = 1
configure: failed program was:
| /* confdefs.h */
| #define PACKAGE_NAME "libzip"
| #define PACKAGE_TARNAME "libzip"
| #define PACKAGE_VERSION "0.11.2"
| #define PACKAGE_STRING "libzip 0.11.2"
| #define PACKAGE_BUGREPORT "libzip@nih.at"
| #define PACKAGE_URL ""
| #define PACKAGE "libzip"
| #define VERSION "0.11.2"
| #define HAVE_LIBZ 1
| #define STDC_HEADERS 1
| #define HAVE_SYS_TYPES_H 1
| #define HAVE_SYS_STAT_H 1
| #define HAVE_STDLIB_H 1
| #define HAVE_STRING_H 1
| #define HAVE_MEMORY_H 1
| #define HAVE_STRINGS_H 1
| #define HAVE_INTTYPES_H 1
| #define HAVE_STDINT_H 1
| #define HAVE_UNISTD_H 1
| #define HAVE_DLFCN_H 1
| #define LT_OBJDIR ".libs/"
| /* end confdefs.h.  */
| /* Define _snprintf to an innocuous variant, in case <limits.h> declares _snprintf.
|    For example, HP-UX 11i <limits.h> declares gettimeofday.  */
| #define _snprintf innocuous__snprintf
| 
| /* System header to define __stub macros and hopefully few prototypes,
|     which can conflict with char _snprintf (); below.
|     Prefer <limits.h> to <assert.h> if __STDC__ is defined, since
|     <limits.h> exists even on freestanding compilers.  */
| 
| #ifdef __STDC__
| # include <limits.h>
| #else
| # include <assert.h>
| #endif
| 
| #undef _snprintf
| 
| /* Override any GCC internal prototype to avoid an error.
|    Use char because int might match the return type of a GCC
|    builtin and then its argument prototype would still apply.  */
| #ifdef __cplusplus
| extern "C"
| #endif
| char _snprintf ();
| /* The GNU C library defines this for functions which it implements
|     to always fail with ENOSYS.  Some functions are actually named
|     something starting with __ and the normal name is an alias.  */
| #if defined __stub__snprintf || defined __stub____snprintf
| choke me
| #endif
| 
| int
| main ()
| {
| return _snprintf ();
|   ;
|   return 0;
| }
configure:12090: result: no
configure:12090: checking for _strdup
configure:12090: gcc -o conftest -g -O2   conftest.c -lz  >&5
/tmp/ccZazBXl.o: In function `main':
/home/kriss/hg/lua/lib_zip/conftest.c:58: undefined reference to `_strdup'
collect2: error: ld returned 1 exit status
configure:12090: $? = 1
configure: failed program was:
| /* confdefs.h */
| #define PACKAGE_NAME "libzip"
| #define PACKAGE_TARNAME "libzip"
| #define PACKAGE_VERSION "0.11.2"
| #define PACKAGE_STRING "libzip 0.11.2"
| #define PACKAGE_BUGREPORT "libzip@nih.at"
| #define PACKAGE_URL ""
| #define PACKAGE "libzip"
| #define VERSION "0.11.2"
| #define HAVE_LIBZ 1
| #define STDC_HEADERS 1
| #define HAVE_SYS_TYPES_H 1
| #define HAVE_SYS_STAT_H 1
| #define HAVE_STDLIB_H 1
| #define HAVE_STRING_H 1
| #define HAVE_MEMORY_H 1
| #define HAVE_STRINGS_H 1
| #define HAVE_INTTYPES_H 1
| #define HAVE_STDINT_H 1
| #define HAVE_UNISTD_H 1
| #define HAVE_DLFCN_H 1
| #define LT_OBJDIR ".libs/"
| /* end confdefs.h.  */
| /* Define _strdup to an innocuous variant, in case <limits.h> declares _strdup.
|    For example, HP-UX 11i <limits.h> declares gettimeofday.  */
| #define _strdup innocuous__strdup
| 
| /* System header to define __stub macros and hopefully few prototypes,
|     which can conflict with char _strdup (); below.
|     Prefer <limits.h> to <assert.h> if __STDC__ is defined, since
|     <limits.h> exists even on freestanding compilers.  */
| 
| #ifdef __STDC__
| # include <limits.h>
| #else
| # include <assert.h>
| #endif
| 
| #undef _strdup
| 
| /* Override any GCC internal prototype to avoid an error.
|    Use char because int might match the return type of a GCC
|    builtin and then its argument prototype would still apply.  */
| #ifdef __cplusplus
| extern "C"
| #endif
| char _strdup ();
| /* The GNU C library defines this for functions which it implements
|     to always fail with ENOSYS.  Some functions are actually named
|     something starting with __ and the normal name is an alias.  */
| #if defined __stub__strdup || defined __stub____strdup
| choke me
| #endif
| 
| int
| main ()
| {
| return _strdup ();
|   ;
|   return 0;
| }
configure:12090: result: no
configure:12090: checking for _stricmp
configure:12090: gcc -o conftest -g -O2   conftest.c -lz  >&5
/tmp/ccRtyVdr.o: In function `main':
/home/kriss/hg/lua/lib_zip/conftest.c:58: undefined reference to `_stricmp'
collect2: error: ld returned 1 exit status
configure:12090: $? = 1
configure: failed program was:
| /* confdefs.h */
| #define PACKAGE_NAME "libzip"
| #define PACKAGE_TARNAME "libzip"
| #define PACKAGE_VERSION "0.11.2"
| #define PACKAGE_STRING "libzip 0.11.2"
| #define PACKAGE_BUGREPORT "libzip@nih.at"
| #define PACKAGE_URL ""
| #define PACKAGE "libzip"
| #define VERSION "0.11.2"
| #define HAVE_LIBZ 1
| #define STDC_HEADERS 1
| #define HAVE_SYS_TYPES_H 1
| #define HAVE_SYS_STAT_H 1
| #define HAVE_STDLIB_H 1
| #define HAVE_STRING_H 1
| #define HAVE_MEMORY_H 1
| #define HAVE_STRINGS_H 1
| #define HAVE_INTTYPES_H 1
| #define HAVE_STDINT_H 1
| #define HAVE_UNISTD_H 1
| #define HAVE_DLFCN_H 1
| #define LT_OBJDIR ".libs/"
| /* end confdefs.h.  */
| /* Define _stricmp to an innocuous variant, in case <limits.h> declares _stricmp.
|    For example, HP-UX 11i <limits.h> declares gettimeofday.  */
| #define _stricmp innocuous__stricmp
| 
| /* System header to define __stub macros and hopefully few prototypes,
|     which can conflict with char _stricmp (); below.
|     Prefer <limits.h> to <assert.h> if __STDC__ is defined, since
|     <limits.h> exists even on freestanding compilers.  */
| 
| #ifdef __STDC__
| # include <limits.h>
| #else
| # include <assert.h>
| #endif
| 
| #undef _stricmp
| 
| /* Override any GCC internal prototype to avoid an error.
|    Use char because int might match the return type of a GCC
|    builtin and then its argument prototype would still apply.  */
| #ifdef __cplusplus
| extern "C"
| #endif
| char _stricmp ();
| /* The GNU C library defines this for functions which it implements
|     to always fail with ENOSYS.  Some functions are actually named
|     something starting with __ and the normal name is an alias.  */
| #if defined __stub__stricmp || defined __stub____stricmp
| choke me
| #endif
| 
| int
| main ()
| {
| return _stricmp ();
|   ;
|   return 0;
| }
configure:12090: result: no
configure:12090: checking for fseeko
configure:12090: gcc -o conftest -g -O2   conftest.c -lz  >&5
configure:12090: $? = 0
configure:12090: result: yes
configure:12090: checking for ftello
configure:12090: gcc -o conftest -g -O2   conftest.c -lz  >&5
configure:12090: $? = 0
configure:12090: result: yes
configure:12090: checking for getopt
configure:12090: gcc -o conftest -g -O2   conftest.c -lz  >&5
configure:12090: $? = 0
configure:12090: result: yes
configure:12090: checking for open
configure:12090: gcc -o conftest -g -O2   conftest.c -lz  >&5
configure:12090: $? = 0
configure:12090: result: yes
configure:12090: checking for snprintf
configure:12090: gcc -o conftest -g -O2   conftest.c -lz  >&5
conftest.c:51:6: warning: conflicting types for built-in function 'snprintf' [enabled by default]
 char snprintf ();
      ^
configure:12090: $? = 0
configure:12090: result: yes
configure:12090: checking for strcasecmp
configure:12090: gcc -o conftest -g -O2   conftest.c -lz  >&5
conftest.c:52:6: warning: conflicting types for built-in function 'strcasecmp' [enabled by default]
 char strcasecmp ();
      ^
configure:12090: $? = 0
configure:12090: result: yes
configure:12090: checking for strdup
configure:12090: gcc -o conftest -g -O2   conftest.c -lz  >&5
conftest.c:53:6: warning: conflicting types for built-in function 'strdup' [enabled by default]
 char strdup ();
      ^
configure:12090: $? = 0
configure:12090: result: yes
configure:12101: checking for mkstemp
configure:12101: gcc -o conftest -g -O2   conftest.c -lz  >&5
configure:12101: $? = 0
configure:12101: result: yes
configure:12118: checking MoveFileExA
configure:12131: gcc -o conftest -g -O2   conftest.c -lz  >&5
conftest.c:32:21: fatal error: windows.h: No such file or directory
 #include <windows.h>
                     ^
compilation terminated.
configure:12131: $? = 1
configure: failed program was:
| /* confdefs.h */
| #define PACKAGE_NAME "libzip"
| #define PACKAGE_TARNAME "libzip"
| #define PACKAGE_VERSION "0.11.2"
| #define PACKAGE_STRING "libzip 0.11.2"
| #define PACKAGE_BUGREPORT "libzip@nih.at"
| #define PACKAGE_URL ""
| #define PACKAGE "libzip"
| #define VERSION "0.11.2"
| #define HAVE_LIBZ 1
| #define STDC_HEADERS 1
| #define HAVE_SYS_TYPES_H 1
| #define HAVE_SYS_STAT_H 1
| #define HAVE_STDLIB_H 1
| #define HAVE_STRING_H 1
| #define HAVE_MEMORY_H 1
| #define HAVE_STRINGS_H 1
| #define HAVE_INTTYPES_H 1
| #define HAVE_STDINT_H 1
| #define HAVE_UNISTD_H 1
| #define HAVE_DLFCN_H 1
| #define LT_OBJDIR ".libs/"
| #define HAVE_FSEEKO 1
| #define HAVE_FTELLO 1
| #define HAVE_GETOPT 1
| #define HAVE_OPEN 1
| #define HAVE_SNPRINTF 1
| #define HAVE_STRCASECMP 1
| #define HAVE_STRDUP 1
| #define HAVE_MKSTEMP 1
| /* end confdefs.h.  */
| #include <windows.h>
| int
| main ()
| {
| MoveFileExA("", "", 0);
|   ;
|   return 0;
| }
configure:12138: result: no
configure:12147: checking for unistd.h
configure:12147: result: yes
configure:12147: checking for strings.h
configure:12147: result: yes
configure:12158: checking for int8_t
configure:12158: gcc -c -g -O2  conftest.c >&5
configure:12158: $? = 0
configure:12158: gcc -c -g -O2  conftest.c >&5
conftest.c: In function 'main':
conftest.c:70:21: error: expected expression before ')' token
 if (sizeof ((int8_t)))
                     ^
configure:12158: $? = 1
configure: failed program was:
| /* confdefs.h */
| #define PACKAGE_NAME "libzip"
| #define PACKAGE_TARNAME "libzip"
| #define PACKAGE_VERSION "0.11.2"
| #define PACKAGE_STRING "libzip 0.11.2"
| #define PACKAGE_BUGREPORT "libzip@nih.at"
| #define PACKAGE_URL ""
| #define PACKAGE "libzip"
| #define VERSION "0.11.2"
| #define HAVE_LIBZ 1
| #define STDC_HEADERS 1
| #define HAVE_SYS_TYPES_H 1
| #define HAVE_SYS_STAT_H 1
| #define HAVE_STDLIB_H 1
| #define HAVE_STRING_H 1
| #define HAVE_MEMORY_H 1
| #define HAVE_STRINGS_H 1
| #define HAVE_INTTYPES_H 1
| #define HAVE_STDINT_H 1
| #define HAVE_UNISTD_H 1
| #define HAVE_DLFCN_H 1
| #define LT_OBJDIR ".libs/"
| #define HAVE_FSEEKO 1
| #define HAVE_FTELLO 1
| #define HAVE_GETOPT 1
| #define HAVE_OPEN 1
| #define HAVE_SNPRINTF 1
| #define HAVE_STRCASECMP 1
| #define HAVE_STRDUP 1
| #define HAVE_MKSTEMP 1
| #define HAVE_UNISTD_H 1
| #define HAVE_STRINGS_H 1
| /* end confdefs.h.  */
| #include <stdio.h>
| #ifdef HAVE_SYS_TYPES_H
| # include <sys/types.h>
| #endif
| #ifdef HAVE_SYS_STAT_H
| # include <sys/stat.h>
| #endif
| #ifdef STDC_HEADERS
| # include <stdlib.h>
| # include <stddef.h>
| #else
| # ifdef HAVE_STDLIB_H
| #  include <stdlib.h>
| # endif
| #endif
| #ifdef HAVE_STRING_H
| # if !defined STDC_HEADERS && defined HAVE_MEMORY_H
| #  include <memory.h>
| # endif
| # include <string.h>
| #endif
| #ifdef HAVE_STRINGS_H
| # include <strings.h>
| #endif
| #ifdef HAVE_INTTYPES_H
| # include <inttypes.h>
| #endif
| #ifdef HAVE_STDINT_H
| # include <stdint.h>
| #endif
| #ifdef HAVE_UNISTD_H
| # include <unistd.h>
| #endif
| int
| main ()
| {
| if (sizeof ((int8_t)))
| 	    return 0;
|   ;
|   return 0;
| }
configure:12158: result: yes
configure:12168: checking for int16_t
configure:12168: gcc -c -g -O2  conftest.c >&5
configure:12168: $? = 0
configure:12168: gcc -c -g -O2  conftest.c >&5
conftest.c: In function 'main':
conftest.c:71:22: error: expected expression before ')' token
 if (sizeof ((int16_t)))
                      ^
configure:12168: $? = 1
configure: failed program was:
| /* confdefs.h */
| #define PACKAGE_NAME "libzip"
| #define PACKAGE_TARNAME "libzip"
| #define PACKAGE_VERSION "0.11.2"
| #define PACKAGE_STRING "libzip 0.11.2"
| #define PACKAGE_BUGREPORT "libzip@nih.at"
| #define PACKAGE_URL ""
| #define PACKAGE "libzip"
| #define VERSION "0.11.2"
| #define HAVE_LIBZ 1
| #define STDC_HEADERS 1
| #define HAVE_SYS_TYPES_H 1
| #define HAVE_SYS_STAT_H 1
| #define HAVE_STDLIB_H 1
| #define HAVE_STRING_H 1
| #define HAVE_MEMORY_H 1
| #define HAVE_STRINGS_H 1
| #define HAVE_INTTYPES_H 1
| #define HAVE_STDINT_H 1
| #define HAVE_UNISTD_H 1
| #define HAVE_DLFCN_H 1
| #define LT_OBJDIR ".libs/"
| #define HAVE_FSEEKO 1
| #define HAVE_FTELLO 1
| #define HAVE_GETOPT 1
| #define HAVE_OPEN 1
| #define HAVE_SNPRINTF 1
| #define HAVE_STRCASECMP 1
| #define HAVE_STRDUP 1
| #define HAVE_MKSTEMP 1
| #define HAVE_UNISTD_H 1
| #define HAVE_STRINGS_H 1
| #define HAVE_INT8_T 1
| /* end confdefs.h.  */
| #include <stdio.h>
| #ifdef HAVE_SYS_TYPES_H
| # include <sys/types.h>
| #endif
| #ifdef HAVE_SYS_STAT_H
| # include <sys/stat.h>
| #endif
| #ifdef STDC_HEADERS
| # include <stdlib.h>
| # include <stddef.h>
| #else
| # ifdef HAVE_STDLIB_H
| #  include <stdlib.h>
| # endif
| #endif
| #ifdef HAVE_STRING_H
| # if !defined STDC_HEADERS && defined HAVE_MEMORY_H
| #  include <memory.h>
| # endif
| # include <string.h>
| #endif
| #ifdef HAVE_STRINGS_H
| # include <strings.h>
| #endif
| #ifdef HAVE_INTTYPES_H
| # include <inttypes.h>
| #endif
| #ifdef HAVE_STDINT_H
| # include <stdint.h>
| #endif
| #ifdef HAVE_UNISTD_H
| # include <unistd.h>
| #endif
| int
| main ()
| {
| if (sizeof ((int16_t)))
| 	    return 0;
|   ;
|   return 0;
| }
configure:12168: result: yes
configure:12178: checking for int32_t
configure:12178: gcc -c -g -O2  conftest.c >&5
configure:12178: $? = 0
configure:12178: gcc -c -g -O2  conftest.c >&5
conftest.c: In function 'main':
conftest.c:72:22: error: expected expression before ')' token
 if (sizeof ((int32_t)))
                      ^
configure:12178: $? = 1
configure: failed program was:
| /* confdefs.h */
| #define PACKAGE_NAME "libzip"
| #define PACKAGE_TARNAME "libzip"
| #define PACKAGE_VERSION "0.11.2"
| #define PACKAGE_STRING "libzip 0.11.2"
| #define PACKAGE_BUGREPORT "libzip@nih.at"
| #define PACKAGE_URL ""
| #define PACKAGE "libzip"
| #define VERSION "0.11.2"
| #define HAVE_LIBZ 1
| #define STDC_HEADERS 1
| #define HAVE_SYS_TYPES_H 1
| #define HAVE_SYS_STAT_H 1
| #define HAVE_STDLIB_H 1
| #define HAVE_STRING_H 1
| #define HAVE_MEMORY_H 1
| #define HAVE_STRINGS_H 1
| #define HAVE_INTTYPES_H 1
| #define HAVE_STDINT_H 1
| #define HAVE_UNISTD_H 1
| #define HAVE_DLFCN_H 1
| #define LT_OBJDIR ".libs/"
| #define HAVE_FSEEKO 1
| #define HAVE_FTELLO 1
| #define HAVE_GETOPT 1
| #define HAVE_OPEN 1
| #define HAVE_SNPRINTF 1
| #define HAVE_STRCASECMP 1
| #define HAVE_STRDUP 1
| #define HAVE_MKSTEMP 1
| #define HAVE_UNISTD_H 1
| #define HAVE_STRINGS_H 1
| #define HAVE_INT8_T 1
| #define HAVE_INT16_T 1
| /* end confdefs.h.  */
| #include <stdio.h>
| #ifdef HAVE_SYS_TYPES_H
| # include <sys/types.h>
| #endif
| #ifdef HAVE_SYS_STAT_H
| # include <sys/stat.h>
| #endif
| #ifdef STDC_HEADERS
| # include <stdlib.h>
| # include <stddef.h>
| #else
| # ifdef HAVE_STDLIB_H
| #  include <stdlib.h>
| # endif
| #endif
| #ifdef HAVE_STRING_H
| # if !defined STDC_HEADERS && defined HAVE_MEMORY_H
| #  include <memory.h>
| # endif
| # include <string.h>
| #endif
| #ifdef HAVE_STRINGS_H
| # include <strings.h>
| #endif
| #ifdef HAVE_INTTYPES_H
| # include <inttypes.h>
| #endif
| #ifdef HAVE_STDINT_H
| # include <stdint.h>
| #endif
| #ifdef HAVE_UNISTD_H
| # include <unistd.h>
| #endif
| int
| main ()
| {
| if (sizeof ((int32_t)))
| 	    return 0;
|   ;
|   return 0;
| }
configure:12178: result: yes
configure:12188: checking for int64_t
configure:12188: gcc -c -g -O2  conftest.c >&5
configure:12188: $? = 0
configure:12188: gcc -c -g -O2  conftest.c >&5
conftest.c: In function 'main':
conftest.c:73:22: error: expected expression before ')' token
 if (sizeof ((int64_t)))
                      ^
configure:12188: $? = 1
configure: failed program was:
| /* confdefs.h */
| #define PACKAGE_NAME "libzip"
| #define PACKAGE_TARNAME "libzip"
| #define PACKAGE_VERSION "0.11.2"
| #define PACKAGE_STRING "libzip 0.11.2"
| #define PACKAGE_BUGREPORT "libzip@nih.at"
| #define PACKAGE_URL ""
| #define PACKAGE "libzip"
| #define VERSION "0.11.2"
| #define HAVE_LIBZ 1
| #define STDC_HEADERS 1
| #define HAVE_SYS_TYPES_H 1
| #define HAVE_SYS_STAT_H 1
| #define HAVE_STDLIB_H 1
| #define HAVE_STRING_H 1
| #define HAVE_MEMORY_H 1
| #define HAVE_STRINGS_H 1
| #define HAVE_INTTYPES_H 1
| #define HAVE_STDINT_H 1
| #define HAVE_UNISTD_H 1
| #define HAVE_DLFCN_H 1
| #define LT_OBJDIR ".libs/"
| #define HAVE_FSEEKO 1
| #define HAVE_FTELLO 1
| #define HAVE_GETOPT 1
| #define HAVE_OPEN 1
| #define HAVE_SNPRINTF 1
| #define HAVE_STRCASECMP 1
| #define HAVE_STRDUP 1
| #define HAVE_MKSTEMP 1
| #define HAVE_UNISTD_H 1
| #define HAVE_STRINGS_H 1
| #define HAVE_INT8_T 1
| #define HAVE_INT16_T 1
| #define HAVE_INT32_T 1
| /* end confdefs.h.  */
| #include <stdio.h>
| #ifdef HAVE_SYS_TYPES_H
| # include <sys/types.h>
| #endif
| #ifdef HAVE_SYS_STAT_H
| # include <sys/stat.h>
| #endif
| #ifdef STDC_HEADERS
| # include <stdlib.h>
| # include <stddef.h>
| #else
| # ifdef HAVE_STDLIB_H
| #  include <stdlib.h>
| # endif
| #endif
| #ifdef HAVE_STRING_H
| # if !defined STDC_HEADERS && defined HAVE_MEMORY_H
| #  include <memory.h>
| # endif
| # include <string.h>
| #endif
| #ifdef HAVE_STRINGS_H
| # include <strings.h>
| #endif
| #ifdef HAVE_INTTYPES_H
| # include <inttypes.h>
| #endif
| #ifdef HAVE_STDINT_H
| # include <stdint.h>
| #endif
| #ifdef HAVE_UNISTD_H
| # include <unistd.h>
| #endif
| int
| main ()
| {
| if (sizeof ((int64_t)))
| 	    return 0;
|   ;
|   return 0;
| }
configure:12188: result: yes
configure:12198: checking for uint8_t
configure:12198: gcc -c -g -O2  conftest.c >&5
configure:12198: $? = 0
configure:12198: gcc -c -g -O2  conftest.c >&5
conftest.c: In function 'main':
conftest.c:74:22: error: expected expression before ')' token
 if (sizeof ((uint8_t)))
                      ^
configure:12198: $? = 1
configure: failed program was:
| /* confdefs.h */
| #define PACKAGE_NAME "libzip"
| #define PACKAGE_TARNAME "libzip"
| #define PACKAGE_VERSION "0.11.2"
| #define PACKAGE_STRING "libzip 0.11.2"
| #define PACKAGE_BUGREPORT "libzip@nih.at"
| #define PACKAGE_URL ""
| #define PACKAGE "libzip"
| #define VERSION "0.11.2"
| #define HAVE_LIBZ 1
| #define STDC_HEADERS 1
| #define HAVE_SYS_TYPES_H 1
| #define HAVE_SYS_STAT_H 1
| #define HAVE_STDLIB_H 1
| #define HAVE_STRING_H 1
| #define HAVE_MEMORY_H 1
| #define HAVE_STRINGS_H 1
| #define HAVE_INTTYPES_H 1
| #define HAVE_STDINT_H 1
| #define HAVE_UNISTD_H 1
| #define HAVE_DLFCN_H 1
| #define LT_OBJDIR ".libs/"
| #define HAVE_FSEEKO 1
| #define HAVE_FTELLO 1
| #define HAVE_GETOPT 1
| #define HAVE_OPEN 1
| #define HAVE_SNPRINTF 1
| #define HAVE_STRCASECMP 1
| #define HAVE_STRDUP 1
| #define HAVE_MKSTEMP 1
| #define HAVE_UNISTD_H 1
| #define HAVE_STRINGS_H 1
| #define HAVE_INT8_T 1
| #define HAVE_INT16_T 1
| #define HAVE_INT32_T 1
| #define HAVE_INT64_T 1
| /* end confdefs.h.  */
| #include <stdio.h>
| #ifdef HAVE_SYS_TYPES_H
| # include <sys/types.h>
| #endif
| #ifdef HAVE_SYS_STAT_H
| # include <sys/stat.h>
| #endif
| #ifdef STDC_HEADERS
| # include <stdlib.h>
| # include <stddef.h>
| #else
| # ifdef HAVE_STDLIB_H
| #  include <stdlib.h>
| # endif
| #endif
| #ifdef HAVE_STRING_H
| # if !defined STDC_HEADERS && defined HAVE_MEMORY_H
| #  include <memory.h>
| # endif
| # include <string.h>
| #endif
| #ifdef HAVE_STRINGS_H
| # include <strings.h>
| #endif
| #ifdef HAVE_INTTYPES_H
| # include <inttypes.h>
| #endif
| #ifdef HAVE_STDINT_H
| # include <stdint.h>
| #endif
| #ifdef HAVE_UNISTD_H
| # include <unistd.h>
| #endif
| int
| main ()
| {
| if (sizeof ((uint8_t)))
| 	    return 0;
|   ;
|   return 0;
| }
configure:12198: result: yes
configure:12208: checking for uint16_t
configure:12208: gcc -c -g -O2  conftest.c >&5
configure:12208: $? = 0
configure:12208: gcc -c -g -O2  conftest.c >&5
conftest.c: In function 'main':
conftest.c:75:23: error: expected expression before ')' token
 if (sizeof ((uint16_t)))
                       ^
configure:12208: $? = 1
configure: failed program was:
| /* confdefs.h */
| #define PACKAGE_NAME "libzip"
| #define PACKAGE_TARNAME "libzip"
| #define PACKAGE_VERSION "0.11.2"
| #define PACKAGE_STRING "libzip 0.11.2"
| #define PACKAGE_BUGREPORT "libzip@nih.at"
| #define PACKAGE_URL ""
| #define PACKAGE "libzip"
| #define VERSION "0.11.2"
| #define HAVE_LIBZ 1
| #define STDC_HEADERS 1
| #define HAVE_SYS_TYPES_H 1
| #define HAVE_SYS_STAT_H 1
| #define HAVE_STDLIB_H 1
| #define HAVE_STRING_H 1
| #define HAVE_MEMORY_H 1
| #define HAVE_STRINGS_H 1
| #define HAVE_INTTYPES_H 1
| #define HAVE_STDINT_H 1
| #define HAVE_UNISTD_H 1
| #define HAVE_DLFCN_H 1
| #define LT_OBJDIR ".libs/"
| #define HAVE_FSEEKO 1
| #define HAVE_FTELLO 1
| #define HAVE_GETOPT 1
| #define HAVE_OPEN 1
| #define HAVE_SNPRINTF 1
| #define HAVE_STRCASECMP 1
| #define HAVE_STRDUP 1
| #define HAVE_MKSTEMP 1
| #define HAVE_UNISTD_H 1
| #define HAVE_STRINGS_H 1
| #define HAVE_INT8_T 1
| #define HAVE_INT16_T 1
| #define HAVE_INT32_T 1
| #define HAVE_INT64_T 1
| #define HAVE_UINT8_T 1
| /* end confdefs.h.  */
| #include <stdio.h>
| #ifdef HAVE_SYS_TYPES_H
| # include <sys/types.h>
| #endif
| #ifdef HAVE_SYS_STAT_H
| # include <sys/stat.h>
| #endif
| #ifdef STDC_HEADERS
| # include <stdlib.h>
| # include <stddef.h>
| #else
| # ifdef HAVE_STDLIB_H
| #  include <stdlib.h>
| # endif
| #endif
| #ifdef HAVE_STRING_H
| # if !defined STDC_HEADERS && defined HAVE_MEMORY_H
| #  include <memory.h>
| # endif
| # include <string.h>
| #endif
| #ifdef HAVE_STRINGS_H
| # include <strings.h>
| #endif
| #ifdef HAVE_INTTYPES_H
| # include <inttypes.h>
| #endif
| #ifdef HAVE_STDINT_H
| # include <stdint.h>
| #endif
| #ifdef HAVE_UNISTD_H
| # include <unistd.h>
| #endif
| int
| main ()
| {
| if (sizeof ((uint16_t)))
| 	    return 0;
|   ;
|   return 0;
| }
configure:12208: result: yes
configure:12218: checking for uint32_t
configure:12218: gcc -c -g -O2  conftest.c >&5
configure:12218: $? = 0
configure:12218: gcc -c -g -O2  conftest.c >&5
conftest.c: In function 'main':
conftest.c:76:23: error: expected expression before ')' token
 if (sizeof ((uint32_t)))
                       ^
configure:12218: $? = 1
configure: failed program was:
| /* confdefs.h */
| #define PACKAGE_NAME "libzip"
| #define PACKAGE_TARNAME "libzip"
| #define PACKAGE_VERSION "0.11.2"
| #define PACKAGE_STRING "libzip 0.11.2"
| #define PACKAGE_BUGREPORT "libzip@nih.at"
| #define PACKAGE_URL ""
| #define PACKAGE "libzip"
| #define VERSION "0.11.2"
| #define HAVE_LIBZ 1
| #define STDC_HEADERS 1
| #define HAVE_SYS_TYPES_H 1
| #define HAVE_SYS_STAT_H 1
| #define HAVE_STDLIB_H 1
| #define HAVE_STRING_H 1
| #define HAVE_MEMORY_H 1
| #define HAVE_STRINGS_H 1
| #define HAVE_INTTYPES_H 1
| #define HAVE_STDINT_H 1
| #define HAVE_UNISTD_H 1
| #define HAVE_DLFCN_H 1
| #define LT_OBJDIR ".libs/"
| #define HAVE_FSEEKO 1
| #define HAVE_FTELLO 1
| #define HAVE_GETOPT 1
| #define HAVE_OPEN 1
| #define HAVE_SNPRINTF 1
| #define HAVE_STRCASECMP 1
| #define HAVE_STRDUP 1
| #define HAVE_MKSTEMP 1
| #define HAVE_UNISTD_H 1
| #define HAVE_STRINGS_H 1
| #define HAVE_INT8_T 1
| #define HAVE_INT16_T 1
| #define HAVE_INT32_T 1
| #define HAVE_INT64_T 1
| #define HAVE_UINT8_T 1
| #define HAVE_UINT16_T 1
| /* end confdefs.h.  */
| #include <stdio.h>
| #ifdef HAVE_SYS_TYPES_H
| # include <sys/types.h>
| #endif
| #ifdef HAVE_SYS_STAT_H
| # include <sys/stat.h>
| #endif
| #ifdef STDC_HEADERS
| # include <stdlib.h>
| # include <stddef.h>
| #else
| # ifdef HAVE_STDLIB_H
| #  include <stdlib.h>
| # endif
| #endif
| #ifdef HAVE_STRING_H
| # if !defined STDC_HEADERS && defined HAVE_MEMORY_H
| #  include <memory.h>
| # endif
| # include <string.h>
| #endif
| #ifdef HAVE_STRINGS_H
| # include <strings.h>
| #endif
| #ifdef HAVE_INTTYPES_H
| # include <inttypes.h>
| #endif
| #ifdef HAVE_STDINT_H
| # include <stdint.h>
| #endif
| #ifdef HAVE_UNISTD_H
| # include <unistd.h>
| #endif
| int
| main ()
| {
| if (sizeof ((uint32_t)))
| 	    return 0;
|   ;
|   return 0;
| }
configure:12218: result: yes
configure:12228: checking for uint64_t
configure:12228: gcc -c -g -O2  conftest.c >&5
configure:12228: $? = 0
configure:12228: gcc -c -g -O2  conftest.c >&5
conftest.c: In function 'main':
conftest.c:77:23: error: expected expression before ')' token
 if (sizeof ((uint64_t)))
                       ^
configure:12228: $? = 1
configure: failed program was:
| /* confdefs.h */
| #define PACKAGE_NAME "libzip"
| #define PACKAGE_TARNAME "libzip"
| #define PACKAGE_VERSION "0.11.2"
| #define PACKAGE_STRING "libzip 0.11.2"
| #define PACKAGE_BUGREPORT "libzip@nih.at"
| #define PACKAGE_URL ""
| #define PACKAGE "libzip"
| #define VERSION "0.11.2"
| #define HAVE_LIBZ 1
| #define STDC_HEADERS 1
| #define HAVE_SYS_TYPES_H 1
| #define HAVE_SYS_STAT_H 1
| #define HAVE_STDLIB_H 1
| #define HAVE_STRING_H 1
| #define HAVE_MEMORY_H 1
| #define HAVE_STRINGS_H 1
| #define HAVE_INTTYPES_H 1
| #define HAVE_STDINT_H 1
| #define HAVE_UNISTD_H 1
| #define HAVE_DLFCN_H 1
| #define LT_OBJDIR ".libs/"
| #define HAVE_FSEEKO 1
| #define HAVE_FTELLO 1
| #define HAVE_GETOPT 1
| #define HAVE_OPEN 1
| #define HAVE_SNPRINTF 1
| #define HAVE_STRCASECMP 1
| #define HAVE_STRDUP 1
| #define HAVE_MKSTEMP 1
| #define HAVE_UNISTD_H 1
| #define HAVE_STRINGS_H 1
| #define HAVE_INT8_T 1
| #define HAVE_INT16_T 1
| #define HAVE_INT32_T 1
| #define HAVE_INT64_T 1
| #define HAVE_UINT8_T 1
| #define HAVE_UINT16_T 1
| #define HAVE_UINT32_T 1
| /* end confdefs.h.  */
| #include <stdio.h>
| #ifdef HAVE_SYS_TYPES_H
| # include <sys/types.h>
| #endif
| #ifdef HAVE_SYS_STAT_H
| # include <sys/stat.h>
| #endif
| #ifdef STDC_HEADERS
| # include <stdlib.h>
| # include <stddef.h>
| #else
| # ifdef HAVE_STDLIB_H
| #  include <stdlib.h>
| # endif
| #endif
| #ifdef HAVE_STRING_H
| # if !defined STDC_HEADERS && defined HAVE_MEMORY_H
| #  include <memory.h>
| # endif
| # include <string.h>
| #endif
| #ifdef HAVE_STRINGS_H
| # include <strings.h>
| #endif
| #ifdef HAVE_INTTYPES_H
| # include <inttypes.h>
| #endif
| #ifdef HAVE_STDINT_H
| # include <stdint.h>
| #endif
| #ifdef HAVE_UNISTD_H
| # include <unistd.h>
| #endif
| int
| main ()
| {
| if (sizeof ((uint64_t)))
| 	    return 0;
|   ;
|   return 0;
| }
configure:12228: result: yes
configure:12238: checking for ssize_t
configure:12238: gcc -c -g -O2  conftest.c >&5
configure:12238: $? = 0
configure:12238: gcc -c -g -O2  conftest.c >&5
conftest.c: In function 'main':
conftest.c:78:22: error: expected expression before ')' token
 if (sizeof ((ssize_t)))
                      ^
configure:12238: $? = 1
configure: failed program was:
| /* confdefs.h */
| #define PACKAGE_NAME "libzip"
| #define PACKAGE_TARNAME "libzip"
| #define PACKAGE_VERSION "0.11.2"
| #define PACKAGE_STRING "libzip 0.11.2"
| #define PACKAGE_BUGREPORT "libzip@nih.at"
| #define PACKAGE_URL ""
| #define PACKAGE "libzip"
| #define VERSION "0.11.2"
| #define HAVE_LIBZ 1
| #define STDC_HEADERS 1
| #define HAVE_SYS_TYPES_H 1
| #define HAVE_SYS_STAT_H 1
| #define HAVE_STDLIB_H 1
| #define HAVE_STRING_H 1
| #define HAVE_MEMORY_H 1
| #define HAVE_STRINGS_H 1
| #define HAVE_INTTYPES_H 1
| #define HAVE_STDINT_H 1
| #define HAVE_UNISTD_H 1
| #define HAVE_DLFCN_H 1
| #define LT_OBJDIR ".libs/"
| #define HAVE_FSEEKO 1
| #define HAVE_FTELLO 1
| #define HAVE_GETOPT 1
| #define HAVE_OPEN 1
| #define HAVE_SNPRINTF 1
| #define HAVE_STRCASECMP 1
| #define HAVE_STRDUP 1
| #define HAVE_MKSTEMP 1
| #define HAVE_UNISTD_H 1
| #define HAVE_STRINGS_H 1
| #define HAVE_INT8_T 1
| #define HAVE_INT16_T 1
| #define HAVE_INT32_T 1
| #define HAVE_INT64_T 1
| #define HAVE_UINT8_T 1
| #define HAVE_UINT16_T 1
| #define HAVE_UINT32_T 1
| #define HAVE_UINT64_T 1
| /* end confdefs.h.  */
| #include <stdio.h>
| #ifdef HAVE_SYS_TYPES_H
| # include <sys/types.h>
| #endif
| #ifdef HAVE_SYS_STAT_H
| # include <sys/stat.h>
| #endif
| #ifdef STDC_HEADERS
| # include <stdlib.h>
| # include <stddef.h>
| #else
| # ifdef HAVE_STDLIB_H
| #  include <stdlib.h>
| # endif
| #endif
| #ifdef HAVE_STRING_H
| # if !defined STDC_HEADERS && defined HAVE_MEMORY_H
| #  include <memory.h>
| # endif
| # include <string.h>
| #endif
| #ifdef HAVE_STRINGS_H
| # include <strings.h>
| #endif
| #ifdef HAVE_INTTYPES_H
| # include <inttypes.h>
| #endif
| #ifdef HAVE_STDINT_H
| # include <stdint.h>
| #endif
| #ifdef HAVE_UNISTD_H
| # include <unistd.h>
| #endif
| int
| main ()
| {
| if (sizeof ((ssize_t)))
| 	    return 0;
|   ;
|   return 0;
| }
configure:12238: result: yes
configure:12253: checking size of short
configure:12258: gcc -o conftest -g -O2   conftest.c -lz  >&5
configure:12258: $? = 0
configure:12258: ./conftest
configure:12258: $? = 0
configure:12272: result: 2
configure:12286: checking size of int
configure:12291: gcc -o conftest -g -O2   conftest.c -lz  >&5
configure:12291: $? = 0
configure:12291: ./conftest
configure:12291: $? = 0
configure:12305: result: 4
configure:12319: checking size of long
configure:12324: gcc -o conftest -g -O2   conftest.c -lz  >&5
configure:12324: $? = 0
configure:12324: ./conftest
configure:12324: $? = 0
configure:12338: result: 8
configure:12352: checking size of long long
configure:12357: gcc -o conftest -g -O2   conftest.c -lz  >&5
configure:12357: $? = 0
configure:12357: ./conftest
configure:12357: $? = 0
configure:12371: result: 8
configure:12385: checking size of off_t
configure:12390: gcc -o conftest -g -O2   conftest.c -lz  >&5
configure:12390: $? = 0
configure:12390: ./conftest
configure:12390: $? = 0
configure:12404: result: 8
configure:12418: checking size of size_t
configure:12423: gcc -o conftest -g -O2   conftest.c -lz  >&5
configure:12423: $? = 0
configure:12423: ./conftest
configure:12423: $? = 0
configure:12437: result: 8
configure:12450: checking for touch
configure:12468: found /usr/bin/touch
configure:12480: result: /usr/bin/touch
configure:12490: checking for unzip
configure:12508: found /usr/bin/unzip
configure:12520: result: /usr/bin/unzip
configure:12529: checking whether struct tm is in sys/time.h or time.h
configure:12549: gcc -c -g -O2  conftest.c >&5
configure:12549: $? = 0
configure:12556: result: time.h
configure:12564: checking for struct tm.tm_zone
configure:12564: gcc -c -g -O2  conftest.c >&5
configure:12564: $? = 0
configure:12564: result: yes
configure:12646: checking for simple visibility declarations
configure:12668: gcc -c -g -O2 -fvisibility=hidden  conftest.c >&5
configure:12668: $? = 0
configure:12677: result: yes
configure:12804: checking that generated files are newer than configure
configure:12810: result: done
configure:12833: creating ./config.status

## ---------------------- ##
## Running config.status. ##
## ---------------------- ##

This file was extended by libzip config.status 0.11.2, which was
generated by GNU Autoconf 2.69.  Invocation command line was

  CONFIG_FILES    = 
  CONFIG_HEADERS  = 
  CONFIG_LINKS    = 
  CONFIG_COMMANDS = 
  $ ./config.status 

on len

config.status:1120: creating Makefile
config.status:1120: creating libzip.pc
config.status:1120: creating libzip-uninstalled.pc
config.status:1120: creating man/Makefile
config.status:1120: creating lib/Makefile
config.status:1120: creating regress/Makefile
config.status:1120: creating src/Makefile
config.status:1120: creating config.h
config.status:1349: executing depfiles commands
config.status:1349: executing libtool commands

## ---------------- ##
## Cache variables. ##
## ---------------- ##

ac_cv_build=x86_64-unknown-linux-gnu
ac_cv_c_compiler_gnu=yes
ac_cv_env_CC_set=
ac_cv_env_CC_value=
ac_cv_env_CFLAGS_set=
ac_cv_env_CFLAGS_value=
ac_cv_env_CPPFLAGS_set=
ac_cv_env_CPPFLAGS_value=
ac_cv_env_CPP_set=
ac_cv_env_CPP_value=
ac_cv_env_LDFLAGS_set=
ac_cv_env_LDFLAGS_value=
ac_cv_env_LIBS_set=
ac_cv_env_LIBS_value=
ac_cv_env_build_alias_set=
ac_cv_env_build_alias_value=
ac_cv_env_host_alias_set=
ac_cv_env_host_alias_value=
ac_cv_env_target_alias_set=
ac_cv_env_target_alias_value=
ac_cv_func__close=no
ac_cv_func__dup=no
ac_cv_func__fdopen=no
ac_cv_func__fileno=no
ac_cv_func__open=no
ac_cv_func__snprintf=no
ac_cv_func__strdup=no
ac_cv_func__stricmp=no
ac_cv_func_fseeko=yes
ac_cv_func_ftello=yes
ac_cv_func_getopt=yes
ac_cv_func_mkstemp=yes
ac_cv_func_open=yes
ac_cv_func_snprintf=yes
ac_cv_func_strcasecmp=yes
ac_cv_func_strdup=yes
ac_cv_header_dlfcn_h=yes
ac_cv_header_inttypes_h=yes
ac_cv_header_memory_h=yes
ac_cv_header_stdc=yes
ac_cv_header_stdint_h=yes
ac_cv_header_stdlib_h=yes
ac_cv_header_string_h=yes
ac_cv_header_strings_h=yes
ac_cv_header_sys_stat_h=yes
ac_cv_header_sys_types_h=yes
ac_cv_header_unistd_h=yes
ac_cv_host=x86_64-unknown-linux-gnu
ac_cv_lib_z_main=yes
ac_cv_member_struct_tm_tm_zone=yes
ac_cv_objext=o
ac_cv_path_EGREP='/bin/grep -E'
ac_cv_path_FGREP='/bin/grep -F'
ac_cv_path_GREP=/bin/grep
ac_cv_path_SED=/bin/sed
ac_cv_path_TOUCH=/usr/bin/touch
ac_cv_path_UNZIP=/usr/bin/unzip
ac_cv_path_install='/usr/bin/install -c'
ac_cv_path_mkdir=/bin/mkdir
ac_cv_prog_AWK=gawk
ac_cv_prog_CPP='gcc -E'
ac_cv_prog_ac_ct_AR=ar
ac_cv_prog_ac_ct_CC=gcc
ac_cv_prog_ac_ct_MANIFEST_TOOL=mt
ac_cv_prog_ac_ct_OBJDUMP=objdump
ac_cv_prog_ac_ct_RANLIB=ranlib
ac_cv_prog_ac_ct_STRIP=strip
ac_cv_prog_cc_c89=
ac_cv_prog_cc_g=yes
ac_cv_prog_make_make_set=yes
ac_cv_sizeof_int=4
ac_cv_sizeof_long=8
ac_cv_sizeof_long_long=8
ac_cv_sizeof_off_t=8
ac_cv_sizeof_short=2
ac_cv_sizeof_size_t=8
ac_cv_struct_tm=time.h
ac_cv_sys_file_offset_bits=no
ac_cv_sys_largefile_CC=no
ac_cv_type_int16_t=yes
ac_cv_type_int32_t=yes
ac_cv_type_int64_t=yes
ac_cv_type_int8_t=yes
ac_cv_type_ssize_t=yes
ac_cv_type_uint16_t=yes
ac_cv_type_uint32_t=yes
ac_cv_type_uint64_t=yes
ac_cv_type_uint8_t=yes
am_cv_CC_dependencies_compiler_type=gcc3
am_cv_make_support_nested_variables=yes
am_cv_prog_cc_c_o=yes
gl_cv_cc_visibility=yes
id_cv_lib_zlib_ok=yes
lt_cv_ar_at_file=@
lt_cv_archive_cmds_need_lc=no
lt_cv_deplibs_check_method=pass_all
lt_cv_file_magic_cmd='$MAGIC_CMD'
lt_cv_file_magic_test_file=
lt_cv_ld_reload_flag=-r
lt_cv_nm_interface='BSD nm'
lt_cv_objdir=.libs
lt_cv_path_LD=/usr/bin/ld
lt_cv_path_NM='/usr/bin/nm -B'
lt_cv_path_mainfest_tool=no
lt_cv_prog_compiler_c_o=yes
lt_cv_prog_compiler_pic='-fPIC -DPIC'
lt_cv_prog_compiler_pic_works=yes
lt_cv_prog_compiler_rtti_exceptions=no
lt_cv_prog_compiler_static_works=yes
lt_cv_prog_gnu_ld=yes
lt_cv_sharedlib_from_linklib_cmd='printf %s\n'
lt_cv_shlibpath_overrides_runpath=no
lt_cv_sys_global_symbol_pipe='sed -n -e '\''s/^.*[	 ]\([ABCDGIRSTW][ABCDGIRSTW]*\)[	 ][	 ]*\([_A-Za-z][_A-Za-z0-9]*\)$/\1 \2 \2/p'\'' | sed '\''/ __gnu_lto/d'\'''
lt_cv_sys_global_symbol_to_c_name_address='sed -n -e '\''s/^: \([^ ]*\)[ ]*$/  {\"\1\", (void *) 0},/p'\'' -e '\''s/^[ABCDGIRSTW]* \([^ ]*\) \([^ ]*\)$/  {"\2", (void *) \&\2},/p'\'''
lt_cv_sys_global_symbol_to_c_name_address_lib_prefix='sed -n -e '\''s/^: \([^ ]*\)[ ]*$/  {\"\1\", (void *) 0},/p'\'' -e '\''s/^[ABCDGIRSTW]* \([^ ]*\) \(lib[^ ]*\)$/  {"\2", (void *) \&\2},/p'\'' -e '\''s/^[ABCDGIRSTW]* \([^ ]*\) \([^ ]*\)$/  {"lib\2", (void *) \&\2},/p'\'''
lt_cv_sys_global_symbol_to_cdecl='sed -n -e '\''s/^T .* \(.*\)$/extern int \1();/p'\'' -e '\''s/^[ABCDGIRSTW]* .* \(.*\)$/extern char \1;/p'\'''
lt_cv_sys_max_cmd_len=1572864
lt_cv_to_host_file_cmd=func_convert_file_noop
lt_cv_to_tool_file_cmd=func_convert_file_noop

## ----------------- ##
## Output variables. ##
## ----------------- ##

ACLOCAL='${SHELL} /home/kriss/hg/lua/lib_zip/missing aclocal-1.14'
AMDEPBACKSLASH='\'
AMDEP_FALSE='#'
AMDEP_TRUE=''
AMTAR='$${TAR-tar}'
AM_BACKSLASH='\'
AM_DEFAULT_V='$(AM_DEFAULT_VERBOSITY)'
AM_DEFAULT_VERBOSITY='1'
AM_V='$(V)'
AR='ar'
AUTOCONF='${SHELL} /home/kriss/hg/lua/lib_zip/missing autoconf'
AUTOHEADER='${SHELL} /home/kriss/hg/lua/lib_zip/missing autoheader'
AUTOMAKE='${SHELL} /home/kriss/hg/lua/lib_zip/missing automake-1.14'
AWK='gawk'
CC='gcc'
CCDEPMODE='depmode=gcc3'
CFLAGS='-g -O2'
CFLAG_VISIBILITY='-fvisibility=hidden'
CPP='gcc -E'
CPPFLAGS=''
CYGPATH_W='echo'
DEFS='-DHAVE_CONFIG_H'
DEPDIR='.deps'
DLLTOOL='false'
DSYMUTIL=''
DUMPBIN=''
ECHO_C=''
ECHO_N='-n'
ECHO_T=''
EGREP='/bin/grep -E'
EXEEXT=''
FGREP='/bin/grep -F'
GREP='/bin/grep'
HAVE_VISIBILITY='1'
INSTALL_DATA='${INSTALL} -m 644'
INSTALL_PROGRAM='${INSTALL}'
INSTALL_SCRIPT='${INSTALL}'
INSTALL_STRIP_PROGRAM='$(install_sh) -c -s'
LD='/usr/bin/ld -m elf_x86_64'
LDFLAGS=''
LIBOBJS=''
LIBS='-lz '
LIBTOOL='$(SHELL) $(top_builddir)/libtool'
LIPO=''
LN_S='ln -s'
LTLIBOBJS=''
MAKEINFO='${SHELL} /home/kriss/hg/lua/lib_zip/missing makeinfo'
MANFMT='man'
MANIFEST_TOOL=':'
MKDIR_P='/bin/mkdir -p'
NM='/usr/bin/nm -B'
NMEDIT=''
OBJDUMP='objdump'
OBJEXT='o'
OTOOL64=''
OTOOL=''
PACKAGE='libzip'
PACKAGE_BUGREPORT='libzip@nih.at'
PACKAGE_NAME='libzip'
PACKAGE_STRING='libzip 0.11.2'
PACKAGE_TARNAME='libzip'
PACKAGE_URL=''
PACKAGE_VERSION='0.11.2'
PATH_SEPARATOR=':'
RANLIB='ranlib'
SED='/bin/sed'
SET_MAKE=''
SHELL='/bin/bash'
STRIP='strip'
TOUCH='/usr/bin/touch'
UNZIP='/usr/bin/unzip'
VERSION='0.11.2'
ac_ct_AR='ar'
ac_ct_CC='gcc'
ac_ct_DUMPBIN=''
am__EXEEXT_FALSE=''
am__EXEEXT_TRUE='#'
am__fastdepCC_FALSE='#'
am__fastdepCC_TRUE=''
am__include='include'
am__isrc=''
am__leading_dot='.'
am__nodep='_no'
am__quote=''
am__tar='$${TAR-tar} chof - "$$tardir"'
am__untar='$${TAR-tar} xf -'
bindir='${exec_prefix}/bin'
build='x86_64-unknown-linux-gnu'
build_alias=''
build_cpu='x86_64'
build_os='linux-gnu'
build_vendor='unknown'
datadir='${datarootdir}'
datarootdir='${prefix}/share'
docdir='${datarootdir}/doc/${PACKAGE_TARNAME}'
dvidir='${docdir}'
exec_prefix='${prefix}'
host='x86_64-unknown-linux-gnu'
host_alias=''
host_cpu='x86_64'
host_os='linux-gnu'
host_vendor='unknown'
htmldir='${docdir}'
includedir='${prefix}/include'
infodir='${datarootdir}/info'
install_sh='${SHELL} /home/kriss/hg/lua/lib_zip/install-sh'
libdir='${exec_prefix}/lib'
libexecdir='${exec_prefix}/libexec'
localedir='${datarootdir}/locale'
localstatedir='${prefix}/var'
mandir='${datarootdir}/man'
mkdir_p='$(MKDIR_P)'
oldincludedir='/usr/include'
pdfdir='${docdir}'
prefix='/usr/local'
program_transform_name='s,x,x,'
psdir='${docdir}'
sbindir='${exec_prefix}/sbin'
sharedstatedir='${prefix}/com'
sysconfdir='${prefix}/etc'
target_alias=''

## ----------- ##
## confdefs.h. ##
## ----------- ##

/* confdefs.h */
#define PACKAGE_NAME "libzip"
#define PACKAGE_TARNAME "libzip"
#define PACKAGE_VERSION "0.11.2"
#define PACKAGE_STRING "libzip 0.11.2"
#define PACKAGE_BUGREPORT "libzip@nih.at"
#define PACKAGE_URL ""
#define PACKAGE "libzip"
#define VERSION "0.11.2"
#define HAVE_LIBZ 1
#define STDC_HEADERS 1
#define HAVE_SYS_TYPES_H 1
#define HAVE_SYS_STAT_H 1
#define HAVE_STDLIB_H 1
#define HAVE_STRING_H 1
#define HAVE_MEMORY_H 1
#define HAVE_STRINGS_H 1
#define HAVE_INTTYPES_H 1
#define HAVE_STDINT_H 1
#define HAVE_UNISTD_H 1
#define HAVE_DLFCN_H 1
#define LT_OBJDIR ".libs/"
#define HAVE_FSEEKO 1
#define HAVE_FTELLO 1
#define HAVE_GETOPT 1
#define HAVE_OPEN 1
#define HAVE_SNPRINTF 1
#define HAVE_STRCASECMP 1
#define HAVE_STRDUP 1
#define HAVE_MKSTEMP 1
#define HAVE_UNISTD_H 1
#define HAVE_STRINGS_H 1
#define HAVE_INT8_T 1
#define HAVE_INT16_T 1
#define HAVE_INT32_T 1
#define HAVE_INT64_T 1
#define HAVE_UINT8_T 1
#define HAVE_UINT16_T 1
#define HAVE_UINT32_T 1
#define HAVE_UINT64_T 1
#define HAVE_SSIZE_T 1
#define SIZEOF_SHORT 2
#define SIZEOF_INT 4
#define SIZEOF_LONG 8
#define SIZEOF_LONG_LONG 8
#define SIZEOF_OFF_T 8
#define SIZEOF_SIZE_T 8
#define HAVE_STRUCT_TM_TM_ZONE 1
#define HAVE_TM_ZONE 1
#define HAVE_VISIBILITY 1

configure: exit 0
