This file contains any messages produced by compilers while
running configure, to aid debugging if configure makes a mistake.

It was created by luaposix configure 5.1.20, which was
generated by GNU Autoconf 2.68.  Invocation command line was

  $ ./configure 

## --------- ##
## Platform. ##
## --------- ##

hostname = fudge
uname -m = i686
uname -r = 3.2.0-27-generic-pae
uname -s = Linux
uname -v = #43-Ubuntu SMP Fri Jul 6 15:06:05 UTC 2012

/usr/bin/uname -p = unknown
/bin/uname -X     = unknown

/bin/arch              = unknown
/usr/bin/arch -k       = unknown
/usr/convex/getsysinfo = unknown
/usr/bin/hostinfo      = unknown
/bin/machine           = unknown
/usr/bin/oslevel       = unknown
/bin/universe          = unknown

PATH: /home/kriss/sdks/android-sdk/platform-tools
PATH: /home/kriss/sdks/android-sdk/tools
PATH: /home/kriss/bin
PATH: /usr/lib/lightdm/lightdm
PATH: /usr/local/sbin
PATH: /usr/local/bin
PATH: /usr/sbin
PATH: /usr/bin
PATH: /sbin
PATH: /bin
PATH: /usr/games


## ----------- ##
## Core tests. ##
## ----------- ##

configure:2269: checking for a BSD-compatible install
configure:2337: result: /usr/bin/install -c
configure:2348: checking whether build environment is sane
configure:2398: result: yes
configure:2539: checking for a thread-safe mkdir -p
configure:2578: result: /bin/mkdir -p
configure:2592: checking for gawk
configure:2608: found /usr/bin/gawk
configure:2619: result: gawk
configure:2630: checking whether make sets $(MAKE)
configure:2652: result: yes
configure:2744: checking whether make supports nested variables
configure:2761: result: yes
configure:2821: checking for gcc
configure:2837: found /usr/bin/gcc
configure:2848: result: gcc
configure:3077: checking for C compiler version
configure:3086: gcc --version >&5
gcc (Ubuntu/Linaro 4.6.3-1ubuntu5) 4.6.3
Copyright (C) 2011 Free Software Foundation, Inc.
This is free software; see the source for copying conditions.  There is NO
warranty; not even for MERCHANTABILITY or FITNESS FOR A PARTICULAR PURPOSE.

configure:3097: $? = 0
configure:3086: gcc -v >&5
Using built-in specs.
COLLECT_GCC=gcc
COLLECT_LTO_WRAPPER=/usr/lib/gcc/i686-linux-gnu/4.6/lto-wrapper
Target: i686-linux-gnu
Configured with: ../src/configure -v --with-pkgversion='Ubuntu/Linaro 4.6.3-1ubuntu5' --with-bugurl=file:///usr/share/doc/gcc-4.6/README.Bugs --enable-languages=c,c++,fortran,objc,obj-c++ --prefix=/usr --program-suffix=-4.6 --enable-shared --enable-linker-build-id --with-system-zlib --libexecdir=/usr/lib --without-included-gettext --enable-threads=posix --with-gxx-include-dir=/usr/include/c++/4.6 --libdir=/usr/lib --enable-nls --with-sysroot=/ --enable-clocale=gnu --enable-libstdcxx-debug --enable-libstdcxx-time=yes --enable-gnu-unique-object --enable-plugin --enable-objc-gc --enable-targets=all --disable-werror --with-arch-32=i686 --with-tune=generic --enable-checking=release --build=i686-linux-gnu --host=i686-linux-gnu --target=i686-linux-gnu
Thread model: posix
gcc version 4.6.3 (Ubuntu/Linaro 4.6.3-1ubuntu5) 
configure:3097: $? = 0
configure:3086: gcc -V >&5
gcc: error: unrecognized option '-V'
gcc: fatal error: no input files
compilation terminated.
configure:3097: $? = 4
configure:3086: gcc -qversion >&5
gcc: error: unrecognized option '-qversion'
gcc: fatal error: no input files
compilation terminated.
configure:3097: $? = 4
configure:3117: checking whether the C compiler works
configure:3139: gcc    conftest.c  >&5
configure:3143: $? = 0
configure:3191: result: yes
configure:3194: checking for C compiler default output file name
configure:3196: result: a.out
configure:3202: checking for suffix of executables
configure:3209: gcc -o conftest    conftest.c  >&5
configure:3213: $? = 0
configure:3235: result: 
configure:3257: checking whether we are cross compiling
configure:3265: gcc -o conftest    conftest.c  >&5
configure:3269: $? = 0
configure:3276: ./conftest
configure:3280: $? = 0
configure:3295: result: no
configure:3300: checking for suffix of object files
configure:3322: gcc -c   conftest.c >&5
configure:3326: $? = 0
configure:3347: result: o
configure:3351: checking whether we are using the GNU C compiler
configure:3370: gcc -c   conftest.c >&5
configure:3370: $? = 0
configure:3379: result: yes
configure:3388: checking whether gcc accepts -g
configure:3408: gcc -c -g  conftest.c >&5
configure:3408: $? = 0
configure:3449: result: yes
configure:3466: checking for gcc option to accept ISO C89
configure:3530: gcc  -c -g -O2  conftest.c >&5
configure:3530: $? = 0
configure:3543: result: none needed
configure:3574: checking for style of include used by make
configure:3602: result: GNU
configure:3628: checking dependency style of gcc
configure:3739: result: gcc3
configure:3760: checking how to run the C preprocessor
configure:3791: gcc -E  conftest.c
configure:3791: $? = 0
configure:3805: gcc -E  conftest.c
conftest.c:11:28: fatal error: ac_nonexistent.h: No such file or directory
compilation terminated.
configure:3805: $? = 1
configure: failed program was:
| /* confdefs.h */
| #define PACKAGE_NAME "luaposix"
| #define PACKAGE_TARNAME "luaposix"
| #define PACKAGE_VERSION "5.1.20"
| #define PACKAGE_STRING "luaposix 5.1.20"
| #define PACKAGE_BUGREPORT "rrt@sc3d.org"
| #define PACKAGE_URL ""
| #define PACKAGE "luaposix"
| #define VERSION "5.1.20"
| /* end confdefs.h.  */
| #include <ac_nonexistent.h>
configure:3830: result: gcc -E
configure:3850: gcc -E  conftest.c
configure:3850: $? = 0
configure:3864: gcc -E  conftest.c
conftest.c:11:28: fatal error: ac_nonexistent.h: No such file or directory
compilation terminated.
configure:3864: $? = 1
configure: failed program was:
| /* confdefs.h */
| #define PACKAGE_NAME "luaposix"
| #define PACKAGE_TARNAME "luaposix"
| #define PACKAGE_VERSION "5.1.20"
| #define PACKAGE_STRING "luaposix 5.1.20"
| #define PACKAGE_BUGREPORT "rrt@sc3d.org"
| #define PACKAGE_URL ""
| #define PACKAGE "luaposix"
| #define VERSION "5.1.20"
| /* end confdefs.h.  */
| #include <ac_nonexistent.h>
configure:3893: checking for grep that handles long lines and -e
configure:3951: result: /bin/grep
configure:3956: checking for egrep
configure:4018: result: /bin/grep -E
configure:4025: checking for Minix Amsterdam compiler
configure:4049: result: no
configure:4101: checking for ar
configure:4117: found /usr/bin/ar
configure:4128: result: ar
configure:4208: checking for ranlib
configure:4224: found /usr/bin/ranlib
configure:4235: result: ranlib
configure:4271: checking build system type
configure:4285: result: i686-pc-linux-gnu
configure:4305: checking host system type
configure:4318: result: i686-pc-linux-gnu
configure:4338: checking for ANSI C header files
configure:4358: gcc -c -g -O2  conftest.c >&5
configure:4358: $? = 0
configure:4431: gcc -o conftest -g -O2   conftest.c  >&5
configure:4431: $? = 0
configure:4431: ./conftest
configure:4431: $? = 0
configure:4442: result: yes
configure:4455: checking for sys/types.h
configure:4455: gcc -c -g -O2  conftest.c >&5
configure:4455: $? = 0
configure:4455: result: yes
configure:4455: checking for sys/stat.h
configure:4455: gcc -c -g -O2  conftest.c >&5
configure:4455: $? = 0
configure:4455: result: yes
configure:4455: checking for stdlib.h
configure:4455: gcc -c -g -O2  conftest.c >&5
configure:4455: $? = 0
configure:4455: result: yes
configure:4455: checking for string.h
configure:4455: gcc -c -g -O2  conftest.c >&5
configure:4455: $? = 0
configure:4455: result: yes
configure:4455: checking for memory.h
configure:4455: gcc -c -g -O2  conftest.c >&5
configure:4455: $? = 0
configure:4455: result: yes
configure:4455: checking for strings.h
configure:4455: gcc -c -g -O2  conftest.c >&5
configure:4455: $? = 0
configure:4455: result: yes
configure:4455: checking for inttypes.h
configure:4455: gcc -c -g -O2  conftest.c >&5
configure:4455: $? = 0
configure:4455: result: yes
configure:4455: checking for stdint.h
configure:4455: gcc -c -g -O2  conftest.c >&5
configure:4455: $? = 0
configure:4455: result: yes
configure:4455: checking for unistd.h
configure:4455: gcc -c -g -O2  conftest.c >&5
configure:4455: $? = 0
configure:4455: result: yes
configure:4470: checking minix/config.h usability
configure:4470: gcc -c -g -O2  conftest.c >&5
conftest.c:54:26: fatal error: minix/config.h: No such file or directory
compilation terminated.
configure:4470: $? = 1
configure: failed program was:
| /* confdefs.h */
| #define PACKAGE_NAME "luaposix"
| #define PACKAGE_TARNAME "luaposix"
| #define PACKAGE_VERSION "5.1.20"
| #define PACKAGE_STRING "luaposix 5.1.20"
| #define PACKAGE_BUGREPORT "rrt@sc3d.org"
| #define PACKAGE_URL ""
| #define PACKAGE "luaposix"
| #define VERSION "5.1.20"
| #define STDC_HEADERS 1
| #define HAVE_SYS_TYPES_H 1
| #define HAVE_SYS_STAT_H 1
| #define HAVE_STDLIB_H 1
| #define HAVE_STRING_H 1
| #define HAVE_MEMORY_H 1
| #define HAVE_STRINGS_H 1
| #define HAVE_INTTYPES_H 1
| #define HAVE_STDINT_H 1
| #define HAVE_UNISTD_H 1
| /* end confdefs.h.  */
| #include <stdio.h>
| #ifdef HAVE_SYS_TYPES_H
| # include <sys/types.h>
| #endif
| #ifdef HAVE_SYS_STAT_H
| # include <sys/stat.h>
| #endif
| #ifdef STDC_HEADERS
| # include <stdlib.h>
| # include <stddef.h>
| #else
| # ifdef HAVE_STDLIB_H
| #  include <stdlib.h>
| # endif
| #endif
| #ifdef HAVE_STRING_H
| # if !defined STDC_HEADERS && defined HAVE_MEMORY_H
| #  include <memory.h>
| # endif
| # include <string.h>
| #endif
| #ifdef HAVE_STRINGS_H
| # include <strings.h>
| #endif
| #ifdef HAVE_INTTYPES_H
| # include <inttypes.h>
| #endif
| #ifdef HAVE_STDINT_H
| # include <stdint.h>
| #endif
| #ifdef HAVE_UNISTD_H
| # include <unistd.h>
| #endif
| #include <minix/config.h>
configure:4470: result: no
configure:4470: checking minix/config.h presence
configure:4470: gcc -E  conftest.c
conftest.c:21:26: fatal error: minix/config.h: No such file or directory
compilation terminated.
configure:4470: $? = 1
configure: failed program was:
| /* confdefs.h */
| #define PACKAGE_NAME "luaposix"
| #define PACKAGE_TARNAME "luaposix"
| #define PACKAGE_VERSION "5.1.20"
| #define PACKAGE_STRING "luaposix 5.1.20"
| #define PACKAGE_BUGREPORT "rrt@sc3d.org"
| #define PACKAGE_URL ""
| #define PACKAGE "luaposix"
| #define VERSION "5.1.20"
| #define STDC_HEADERS 1
| #define HAVE_SYS_TYPES_H 1
| #define HAVE_SYS_STAT_H 1
| #define HAVE_STDLIB_H 1
| #define HAVE_STRING_H 1
| #define HAVE_MEMORY_H 1
| #define HAVE_STRINGS_H 1
| #define HAVE_INTTYPES_H 1
| #define HAVE_STDINT_H 1
| #define HAVE_UNISTD_H 1
| /* end confdefs.h.  */
| #include <minix/config.h>
configure:4470: result: no
configure:4470: checking for minix/config.h
configure:4470: result: no
configure:4499: checking whether it is safe to define __EXTENSIONS__
configure:4517: gcc -c -g -O2  conftest.c >&5
configure:4517: $? = 0
configure:4524: result: yes
configure:4997: checking how to print strings
configure:5024: result: printf
configure:5045: checking for a sed that does not truncate output
configure:5109: result: /bin/sed
configure:5127: checking for fgrep
configure:5189: result: /bin/grep -F
configure:5224: checking for ld used by gcc
configure:5291: result: /usr/bin/ld
configure:5298: checking if the linker (/usr/bin/ld) is GNU ld
configure:5313: result: yes
configure:5325: checking for BSD- or MS-compatible name lister (nm)
configure:5374: result: /usr/bin/nm -B
configure:5504: checking the name lister (/usr/bin/nm -B) interface
configure:5511: gcc -c -g -O2  conftest.c >&5
configure:5514: /usr/bin/nm -B "conftest.o"
configure:5517: output
00000000 B some_variable
configure:5524: result: BSD nm
configure:5527: checking whether ln -s works
configure:5531: result: yes
configure:5539: checking the maximum length of command line arguments
configure:5669: result: 1572864
configure:5686: checking whether the shell understands some XSI constructs
configure:5696: result: yes
configure:5700: checking whether the shell understands "+="
configure:5706: result: yes
configure:5741: checking how to convert i686-pc-linux-gnu file names to i686-pc-linux-gnu format
configure:5781: result: func_convert_file_noop
configure:5788: checking how to convert i686-pc-linux-gnu file names to toolchain format
configure:5808: result: func_convert_file_noop
configure:5815: checking for /usr/bin/ld option to reload object files
configure:5822: result: -r
configure:5896: checking for objdump
configure:5912: found /usr/bin/objdump
configure:5923: result: objdump
configure:5955: checking how to recognize dependent libraries
configure:6157: result: pass_all
configure:6242: checking for dlltool
configure:6272: result: no
configure:6302: checking how to associate runtime and link libraries
configure:6329: result: printf %s\n
configure:6453: checking for archiver @FILE support
configure:6470: gcc -c -g -O2  conftest.c >&5
configure:6470: $? = 0
configure:6473: ar cru libconftest.a @conftest.lst >&5
configure:6476: $? = 0
configure:6481: ar cru libconftest.a @conftest.lst >&5
ar: conftest.o: No such file or directory
configure:6484: $? = 1
configure:6496: result: @
configure:6554: checking for strip
configure:6570: found /usr/bin/strip
configure:6581: result: strip
configure:6653: checking for ranlib
configure:6680: result: ranlib
configure:6782: checking command to parse /usr/bin/nm -B output from gcc object
configure:6902: gcc -c -g -O2  conftest.c >&5
configure:6905: $? = 0
configure:6909: /usr/bin/nm -B conftest.o \| sed -n -e 's/^.*[ ]\([ABCDGIRSTW][ABCDGIRSTW]*\)[ ][ ]*\([_A-Za-z][_A-Za-z0-9]*\)$/\1 \2 \2/p' | sed '/ __gnu_lto/d' \> conftest.nm
configure:6912: $? = 0
configure:6978: gcc -o conftest -g -O2   conftest.c conftstm.o >&5
configure:6981: $? = 0
configure:7019: result: ok
configure:7056: checking for sysroot
configure:7086: result: no
configure:7342: checking for mt
configure:7358: found /bin/mt
configure:7369: result: mt
configure:7392: checking if mt is a manifest tool
configure:7398: mt '-?'
configure:7406: result: no
configure:8045: checking for dlfcn.h
configure:8045: gcc -c -g -O2  conftest.c >&5
configure:8045: $? = 0
configure:8045: result: yes
configure:8250: checking for objdir
configure:8265: result: .libs
configure:8536: checking if gcc supports -fno-rtti -fno-exceptions
configure:8554: gcc -c -g -O2  -fno-rtti -fno-exceptions conftest.c >&5
cc1: warning: command line option '-fno-rtti' is valid for C++/ObjC++ but not for C [enabled by default]
configure:8558: $? = 0
configure:8571: result: no
configure:8898: checking for gcc option to produce PIC
configure:8905: result: -fPIC -DPIC
configure:8913: checking if gcc PIC flag -fPIC -DPIC works
configure:8931: gcc -c -g -O2  -fPIC -DPIC -DPIC conftest.c >&5
configure:8935: $? = 0
configure:8948: result: yes
configure:8977: checking if gcc static flag -static works
configure:9005: result: yes
configure:9020: checking if gcc supports -c -o file.o
configure:9041: gcc -c -g -O2  -o out/conftest2.o conftest.c >&5
configure:9045: $? = 0
configure:9067: result: yes
configure:9075: checking if gcc supports -c -o file.o
configure:9122: result: yes
configure:9155: checking whether the gcc linker (/usr/bin/ld) supports shared libraries
configure:10312: result: yes
configure:10349: checking whether -lc should be explicitly linked in
configure:10357: gcc -c -g -O2  conftest.c >&5
configure:10360: $? = 0
configure:10375: gcc -shared  -fPIC -DPIC conftest.o  -v -Wl,-soname -Wl,conftest -o conftest 2\>\&1 \| /bin/grep  -lc  \>/dev/null 2\>\&1
configure:10378: $? = 0
configure:10392: result: no
configure:10552: checking dynamic linker characteristics
configure:11063: gcc -o conftest -g -O2   -Wl,-rpath -Wl,/foo conftest.c  >&5
configure:11063: $? = 0
configure:11297: result: GNU/Linux ld.so
configure:11404: checking how to hardcode library paths into programs
configure:11429: result: immediate
configure:11969: checking whether stripping libraries is possible
configure:11974: result: yes
configure:12009: checking if libtool supports shared libraries
configure:12011: result: yes
configure:12014: checking whether to build shared libraries
configure:12035: result: yes
configure:12038: checking whether to build static libraries
configure:12042: result: no
configure:12080: creating ./config.lt

## ------------------ ##
## Running config.lt. ##
## ------------------ ##
config.lt:637: creating libtool
configure:13532: checking for ANSI C header files
configure:13636: result: yes
configure:13647: checking crypt.h usability
configure:13647: gcc -c -g -O2  conftest.c >&5
configure:13647: $? = 0
configure:13647: result: yes
configure:13647: checking crypt.h presence
configure:13647: gcc -E  conftest.c
configure:13647: $? = 0
configure:13647: result: yes
configure:13647: checking for crypt.h
configure:13647: result: yes
configure:13647: checking sys/statvfs.h usability
configure:13647: gcc -c -g -O2  conftest.c >&5
configure:13647: $? = 0
configure:13647: result: yes
configure:13647: checking sys/statvfs.h presence
configure:13647: gcc -E  conftest.c
configure:13647: $? = 0
configure:13647: result: yes
configure:13647: checking for sys/statvfs.h
configure:13647: result: yes
configure:13658: checking for library containing crypt
configure:13689: gcc -o conftest -g -O2   conftest.c  >&5
/tmp/ccC6aALG.o: In function `main':
/home/kriss/hg/lua/lua_posix/conftest.c:43: undefined reference to `crypt'
collect2: ld returned 1 exit status
configure:13689: $? = 1
configure: failed program was:
| /* confdefs.h */
| #define PACKAGE_NAME "luaposix"
| #define PACKAGE_TARNAME "luaposix"
| #define PACKAGE_VERSION "5.1.20"
| #define PACKAGE_STRING "luaposix 5.1.20"
| #define PACKAGE_BUGREPORT "rrt@sc3d.org"
| #define PACKAGE_URL ""
| #define PACKAGE "luaposix"
| #define VERSION "5.1.20"
| #define STDC_HEADERS 1
| #define HAVE_SYS_TYPES_H 1
| #define HAVE_SYS_STAT_H 1
| #define HAVE_STDLIB_H 1
| #define HAVE_STRING_H 1
| #define HAVE_MEMORY_H 1
| #define HAVE_STRINGS_H 1
| #define HAVE_INTTYPES_H 1
| #define HAVE_STDINT_H 1
| #define HAVE_UNISTD_H 1
| #define __EXTENSIONS__ 1
| #define _ALL_SOURCE 1
| #define _DARWIN_C_SOURCE 1
| #define _GNU_SOURCE 1
| #define _POSIX_PTHREAD_SEMANTICS 1
| #define _TANDEM_SOURCE 1
| #define HAVE_DLFCN_H 1
| #define LT_OBJDIR ".libs/"
| #define STDC_HEADERS 1
| #define HAVE_CRYPT_H 1
| #define HAVE_SYS_STATVFS_H 1
| /* end confdefs.h.  */
| 
| /* Override any GCC internal prototype to avoid an error.
|    Use char because int might match the return type of a GCC
|    builtin and then its argument prototype would still apply.  */
| #ifdef __cplusplus
| extern "C"
| #endif
| char crypt ();
| int
| main ()
| {
| return crypt ();
|   ;
|   return 0;
| }
configure:13689: gcc -o conftest -g -O2   conftest.c -lcrypt   >&5
configure:13689: $? = 0
configure:13706: result: -lcrypt
configure:13720: checking for strlcpy
configure:13720: gcc -o conftest -g -O2   conftest.c -lcrypt  >&5
/tmp/ccwaJZlQ.o: In function `main':
/home/kriss/hg/lua/lua_posix/conftest.c:67: undefined reference to `strlcpy'
collect2: ld returned 1 exit status
configure:13720: $? = 1
configure: failed program was:
| /* confdefs.h */
| #define PACKAGE_NAME "luaposix"
| #define PACKAGE_TARNAME "luaposix"
| #define PACKAGE_VERSION "5.1.20"
| #define PACKAGE_STRING "luaposix 5.1.20"
| #define PACKAGE_BUGREPORT "rrt@sc3d.org"
| #define PACKAGE_URL ""
| #define PACKAGE "luaposix"
| #define VERSION "5.1.20"
| #define STDC_HEADERS 1
| #define HAVE_SYS_TYPES_H 1
| #define HAVE_SYS_STAT_H 1
| #define HAVE_STDLIB_H 1
| #define HAVE_STRING_H 1
| #define HAVE_MEMORY_H 1
| #define HAVE_STRINGS_H 1
| #define HAVE_INTTYPES_H 1
| #define HAVE_STDINT_H 1
| #define HAVE_UNISTD_H 1
| #define __EXTENSIONS__ 1
| #define _ALL_SOURCE 1
| #define _DARWIN_C_SOURCE 1
| #define _GNU_SOURCE 1
| #define _POSIX_PTHREAD_SEMANTICS 1
| #define _TANDEM_SOURCE 1
| #define HAVE_DLFCN_H 1
| #define LT_OBJDIR ".libs/"
| #define STDC_HEADERS 1
| #define HAVE_CRYPT_H 1
| #define HAVE_SYS_STATVFS_H 1
| #define HAVE_CRYPT /**/
| /* end confdefs.h.  */
| /* Define strlcpy to an innocuous variant, in case <limits.h> declares strlcpy.
|    For example, HP-UX 11i <limits.h> declares gettimeofday.  */
| #define strlcpy innocuous_strlcpy
| 
| /* System header to define __stub macros and hopefully few prototypes,
|     which can conflict with char strlcpy (); below.
|     Prefer <limits.h> to <assert.h> if __STDC__ is defined, since
|     <limits.h> exists even on freestanding compilers.  */
| 
| #ifdef __STDC__
| # include <limits.h>
| #else
| # include <assert.h>
| #endif
| 
| #undef strlcpy
| 
| /* Override any GCC internal prototype to avoid an error.
|    Use char because int might match the return type of a GCC
|    builtin and then its argument prototype would still apply.  */
| #ifdef __cplusplus
| extern "C"
| #endif
| char strlcpy ();
| /* The GNU C library defines this for functions which it implements
|     to always fail with ENOSYS.  Some functions are actually named
|     something starting with __ and the normal name is an alias.  */
| #if defined __stub_strlcpy || defined __stub___strlcpy
| choke me
| #endif
| 
| int
| main ()
| {
| return strlcpy ();
|   ;
|   return 0;
| }
configure:13720: result: no
configure:13720: checking for statvfs
configure:13720: gcc -o conftest -g -O2   conftest.c -lcrypt  >&5
configure:13720: $? = 0
configure:13720: result: yes
configure:13772: checking for NcursesW wide-character library
configure:13796: gcc -o conftest -g -O2   conftest.c -lcrypt  -lncursesw >&5
/usr/bin/ld: cannot find -lncursesw
collect2: ld returned 1 exit status
configure:13796: $? = 1
configure: failed program was:
| /* confdefs.h */
| #define PACKAGE_NAME "luaposix"
| #define PACKAGE_TARNAME "luaposix"
| #define PACKAGE_VERSION "5.1.20"
| #define PACKAGE_STRING "luaposix 5.1.20"
| #define PACKAGE_BUGREPORT "rrt@sc3d.org"
| #define PACKAGE_URL ""
| #define PACKAGE "luaposix"
| #define VERSION "5.1.20"
| #define STDC_HEADERS 1
| #define HAVE_SYS_TYPES_H 1
| #define HAVE_SYS_STAT_H 1
| #define HAVE_STDLIB_H 1
| #define HAVE_STRING_H 1
| #define HAVE_MEMORY_H 1
| #define HAVE_STRINGS_H 1
| #define HAVE_INTTYPES_H 1
| #define HAVE_STDINT_H 1
| #define HAVE_UNISTD_H 1
| #define __EXTENSIONS__ 1
| #define _ALL_SOURCE 1
| #define _DARWIN_C_SOURCE 1
| #define _GNU_SOURCE 1
| #define _POSIX_PTHREAD_SEMANTICS 1
| #define _TANDEM_SOURCE 1
| #define HAVE_DLFCN_H 1
| #define LT_OBJDIR ".libs/"
| #define STDC_HEADERS 1
| #define HAVE_CRYPT_H 1
| #define HAVE_SYS_STATVFS_H 1
| #define HAVE_CRYPT /**/
| #define HAVE_STATVFS 1
| /* end confdefs.h.  */
| 
| /* Override any GCC internal prototype to avoid an error.
|    Use char because int might match the return type of a GCC
|    builtin and then its argument prototype would still apply.  */
| #ifdef __cplusplus
| extern "C"
| #endif
| char initscr ();
| int
| main ()
| {
| return initscr ();
|   ;
|   return 0;
| }
configure:13805: result: no
configure:14034: checking for Ncurses library
configure:14058: gcc -o conftest -g -O2   conftest.c -lcrypt  -lncurses >&5
configure:14058: $? = 0
configure:14067: result: yes
configure:14087: checking for working ncurses/curses.h
configure:14114: gcc -o conftest -g -O2   conftest.c -lcrypt  -lncurses >&5
conftest.c:37:52: fatal error: ncurses/curses.h: No such file or directory
compilation terminated.
configure:14114: $? = 1
configure: failed program was:
| /* confdefs.h */
| #define PACKAGE_NAME "luaposix"
| #define PACKAGE_TARNAME "luaposix"
| #define PACKAGE_VERSION "5.1.20"
| #define PACKAGE_STRING "luaposix 5.1.20"
| #define PACKAGE_BUGREPORT "rrt@sc3d.org"
| #define PACKAGE_URL ""
| #define PACKAGE "luaposix"
| #define VERSION "5.1.20"
| #define STDC_HEADERS 1
| #define HAVE_SYS_TYPES_H 1
| #define HAVE_SYS_STAT_H 1
| #define HAVE_STDLIB_H 1
| #define HAVE_STRING_H 1
| #define HAVE_MEMORY_H 1
| #define HAVE_STRINGS_H 1
| #define HAVE_INTTYPES_H 1
| #define HAVE_STDINT_H 1
| #define HAVE_UNISTD_H 1
| #define __EXTENSIONS__ 1
| #define _ALL_SOURCE 1
| #define _DARWIN_C_SOURCE 1
| #define _GNU_SOURCE 1
| #define _POSIX_PTHREAD_SEMANTICS 1
| #define _TANDEM_SOURCE 1
| #define HAVE_DLFCN_H 1
| #define LT_OBJDIR ".libs/"
| #define STDC_HEADERS 1
| #define HAVE_CRYPT_H 1
| #define HAVE_SYS_STATVFS_H 1
| #define HAVE_CRYPT /**/
| #define HAVE_STATVFS 1
| #define HAVE_NCURSES 1
| #define HAVE_CURSES 1
| /* end confdefs.h.  */
| 
|                         #include <ncurses/curses.h>
| 
| int
| main ()
| {
| 
|                         chtype a = A_BOLD;
|                         int b = KEY_LEFT;
|                         chtype c = COLOR_PAIR(1) & A_COLOR;
|                         int g = getattrs(stdscr);
|                         int h = getcurx(stdscr) + getmaxx(stdscr);
|                         initscr();
|                         init_pair(1, COLOR_WHITE, COLOR_RED);
| 
|   ;
|   return 0;
| }
configure:14123: result: no
configure:14141: checking for working ncurses.h
configure:14168: gcc -o conftest -g -O2   conftest.c -lcrypt  -lncurses >&5
configure:14168: $? = 0
configure:14177: result: yes
configure:14512: checking for lua
configure:14530: found /usr/bin/lua
configure:14542: result: /usr/bin/lua
configure:14572: checking Lua version is in range 501 <= v < 503
configure:14594: result: yes
configure:14625: checking lua.h usability
configure:14625: gcc -c -g -O2   conftest.c >&5
conftest.c:72:17: fatal error: lua.h: No such file or directory
compilation terminated.
configure:14625: $? = 1
configure: failed program was:
| /* confdefs.h */
| #define PACKAGE_NAME "luaposix"
| #define PACKAGE_TARNAME "luaposix"
| #define PACKAGE_VERSION "5.1.20"
| #define PACKAGE_STRING "luaposix 5.1.20"
| #define PACKAGE_BUGREPORT "rrt@sc3d.org"
| #define PACKAGE_URL ""
| #define PACKAGE "luaposix"
| #define VERSION "5.1.20"
| #define STDC_HEADERS 1
| #define HAVE_SYS_TYPES_H 1
| #define HAVE_SYS_STAT_H 1
| #define HAVE_STDLIB_H 1
| #define HAVE_STRING_H 1
| #define HAVE_MEMORY_H 1
| #define HAVE_STRINGS_H 1
| #define HAVE_INTTYPES_H 1
| #define HAVE_STDINT_H 1
| #define HAVE_UNISTD_H 1
| #define __EXTENSIONS__ 1
| #define _ALL_SOURCE 1
| #define _DARWIN_C_SOURCE 1
| #define _GNU_SOURCE 1
| #define _POSIX_PTHREAD_SEMANTICS 1
| #define _TANDEM_SOURCE 1
| #define HAVE_DLFCN_H 1
| #define LT_OBJDIR ".libs/"
| #define STDC_HEADERS 1
| #define HAVE_CRYPT_H 1
| #define HAVE_SYS_STATVFS_H 1
| #define HAVE_CRYPT /**/
| #define HAVE_STATVFS 1
| #define HAVE_NCURSES 1
| #define HAVE_CURSES 1
| #define HAVE_CURSES_COLOR 1
| #define HAVE_CURSES_OBSOLETE 1
| #define HAVE_NCURSES_H 1
| /* end confdefs.h.  */
| #include <stdio.h>
| #ifdef HAVE_SYS_TYPES_H
| # include <sys/types.h>
| #endif
| #ifdef HAVE_SYS_STAT_H
| # include <sys/stat.h>
| #endif
| #ifdef STDC_HEADERS
| # include <stdlib.h>
| # include <stddef.h>
| #else
| # ifdef HAVE_STDLIB_H
| #  include <stdlib.h>
| # endif
| #endif
| #ifdef HAVE_STRING_H
| # if !defined STDC_HEADERS && defined HAVE_MEMORY_H
| #  include <memory.h>
| # endif
| # include <string.h>
| #endif
| #ifdef HAVE_STRINGS_H
| # include <strings.h>
| #endif
| #ifdef HAVE_INTTYPES_H
| # include <inttypes.h>
| #endif
| #ifdef HAVE_STDINT_H
| # include <stdint.h>
| #endif
| #ifdef HAVE_UNISTD_H
| # include <unistd.h>
| #endif
| #include <lua.h>
configure:14625: result: no
configure:14625: checking lua.h presence
configure:14625: gcc -E   conftest.c
conftest.c:39:17: fatal error: lua.h: No such file or directory
compilation terminated.
configure:14625: $? = 1
configure: failed program was:
| /* confdefs.h */
| #define PACKAGE_NAME "luaposix"
| #define PACKAGE_TARNAME "luaposix"
| #define PACKAGE_VERSION "5.1.20"
| #define PACKAGE_STRING "luaposix 5.1.20"
| #define PACKAGE_BUGREPORT "rrt@sc3d.org"
| #define PACKAGE_URL ""
| #define PACKAGE "luaposix"
| #define VERSION "5.1.20"
| #define STDC_HEADERS 1
| #define HAVE_SYS_TYPES_H 1
| #define HAVE_SYS_STAT_H 1
| #define HAVE_STDLIB_H 1
| #define HAVE_STRING_H 1
| #define HAVE_MEMORY_H 1
| #define HAVE_STRINGS_H 1
| #define HAVE_INTTYPES_H 1
| #define HAVE_STDINT_H 1
| #define HAVE_UNISTD_H 1
| #define __EXTENSIONS__ 1
| #define _ALL_SOURCE 1
| #define _DARWIN_C_SOURCE 1
| #define _GNU_SOURCE 1
| #define _POSIX_PTHREAD_SEMANTICS 1
| #define _TANDEM_SOURCE 1
| #define HAVE_DLFCN_H 1
| #define LT_OBJDIR ".libs/"
| #define STDC_HEADERS 1
| #define HAVE_CRYPT_H 1
| #define HAVE_SYS_STATVFS_H 1
| #define HAVE_CRYPT /**/
| #define HAVE_STATVFS 1
| #define HAVE_NCURSES 1
| #define HAVE_CURSES 1
| #define HAVE_CURSES_COLOR 1
| #define HAVE_CURSES_OBSOLETE 1
| #define HAVE_NCURSES_H 1
| /* end confdefs.h.  */
| #include <lua.h>
configure:14625: result: no
configure:14625: checking for lua.h
configure:14625: result: no
configure:14625: checking lualib.h usability
configure:14625: gcc -c -g -O2   conftest.c >&5
conftest.c:72:20: fatal error: lualib.h: No such file or directory
compilation terminated.
configure:14625: $? = 1
configure: failed program was:
| /* confdefs.h */
| #define PACKAGE_NAME "luaposix"
| #define PACKAGE_TARNAME "luaposix"
| #define PACKAGE_VERSION "5.1.20"
| #define PACKAGE_STRING "luaposix 5.1.20"
| #define PACKAGE_BUGREPORT "rrt@sc3d.org"
| #define PACKAGE_URL ""
| #define PACKAGE "luaposix"
| #define VERSION "5.1.20"
| #define STDC_HEADERS 1
| #define HAVE_SYS_TYPES_H 1
| #define HAVE_SYS_STAT_H 1
| #define HAVE_STDLIB_H 1
| #define HAVE_STRING_H 1
| #define HAVE_MEMORY_H 1
| #define HAVE_STRINGS_H 1
| #define HAVE_INTTYPES_H 1
| #define HAVE_STDINT_H 1
| #define HAVE_UNISTD_H 1
| #define __EXTENSIONS__ 1
| #define _ALL_SOURCE 1
| #define _DARWIN_C_SOURCE 1
| #define _GNU_SOURCE 1
| #define _POSIX_PTHREAD_SEMANTICS 1
| #define _TANDEM_SOURCE 1
| #define HAVE_DLFCN_H 1
| #define LT_OBJDIR ".libs/"
| #define STDC_HEADERS 1
| #define HAVE_CRYPT_H 1
| #define HAVE_SYS_STATVFS_H 1
| #define HAVE_CRYPT /**/
| #define HAVE_STATVFS 1
| #define HAVE_NCURSES 1
| #define HAVE_CURSES 1
| #define HAVE_CURSES_COLOR 1
| #define HAVE_CURSES_OBSOLETE 1
| #define HAVE_NCURSES_H 1
| /* end confdefs.h.  */
| #include <stdio.h>
| #ifdef HAVE_SYS_TYPES_H
| # include <sys/types.h>
| #endif
| #ifdef HAVE_SYS_STAT_H
| # include <sys/stat.h>
| #endif
| #ifdef STDC_HEADERS
| # include <stdlib.h>
| # include <stddef.h>
| #else
| # ifdef HAVE_STDLIB_H
| #  include <stdlib.h>
| # endif
| #endif
| #ifdef HAVE_STRING_H
| # if !defined STDC_HEADERS && defined HAVE_MEMORY_H
| #  include <memory.h>
| # endif
| # include <string.h>
| #endif
| #ifdef HAVE_STRINGS_H
| # include <strings.h>
| #endif
| #ifdef HAVE_INTTYPES_H
| # include <inttypes.h>
| #endif
| #ifdef HAVE_STDINT_H
| # include <stdint.h>
| #endif
| #ifdef HAVE_UNISTD_H
| # include <unistd.h>
| #endif
| #include <lualib.h>
configure:14625: result: no
configure:14625: checking lualib.h presence
configure:14625: gcc -E   conftest.c
conftest.c:39:20: fatal error: lualib.h: No such file or directory
compilation terminated.
configure:14625: $? = 1
configure: failed program was:
| /* confdefs.h */
| #define PACKAGE_NAME "luaposix"
| #define PACKAGE_TARNAME "luaposix"
| #define PACKAGE_VERSION "5.1.20"
| #define PACKAGE_STRING "luaposix 5.1.20"
| #define PACKAGE_BUGREPORT "rrt@sc3d.org"
| #define PACKAGE_URL ""
| #define PACKAGE "luaposix"
| #define VERSION "5.1.20"
| #define STDC_HEADERS 1
| #define HAVE_SYS_TYPES_H 1
| #define HAVE_SYS_STAT_H 1
| #define HAVE_STDLIB_H 1
| #define HAVE_STRING_H 1
| #define HAVE_MEMORY_H 1
| #define HAVE_STRINGS_H 1
| #define HAVE_INTTYPES_H 1
| #define HAVE_STDINT_H 1
| #define HAVE_UNISTD_H 1
| #define __EXTENSIONS__ 1
| #define _ALL_SOURCE 1
| #define _DARWIN_C_SOURCE 1
| #define _GNU_SOURCE 1
| #define _POSIX_PTHREAD_SEMANTICS 1
| #define _TANDEM_SOURCE 1
| #define HAVE_DLFCN_H 1
| #define LT_OBJDIR ".libs/"
| #define STDC_HEADERS 1
| #define HAVE_CRYPT_H 1
| #define HAVE_SYS_STATVFS_H 1
| #define HAVE_CRYPT /**/
| #define HAVE_STATVFS 1
| #define HAVE_NCURSES 1
| #define HAVE_CURSES 1
| #define HAVE_CURSES_COLOR 1
| #define HAVE_CURSES_OBSOLETE 1
| #define HAVE_NCURSES_H 1
| /* end confdefs.h.  */
| #include <lualib.h>
configure:14625: result: no
configure:14625: checking for lualib.h
configure:14625: result: no
configure:14695: checking whether perl executable path has been provided
configure:14761: result: no
configure:14765: checking for perl
configure:14783: found /usr/bin/perl
configure:14795: result: /usr/bin/perl
configure:14833: checking whether md5sum executable path has been provided
configure:14900: result: no
configure:14904: checking for md5sum
configure:14922: found /usr/bin/md5sum
configure:14935: result: /usr/bin/md5sum
configure:15126: creating ./config.status

## ---------------------- ##
## Running config.status. ##
## ---------------------- ##

This file was extended by luaposix config.status 5.1.20, which was
generated by GNU Autoconf 2.68.  Invocation command line was

  CONFIG_FILES    = 
  CONFIG_HEADERS  = 
  CONFIG_LINKS    = 
  CONFIG_COMMANDS = 
  $ ./config.status 

on fudge

config.status:1133: creating Makefile
config.status:1133: creating lib/Makefile
config.status:1133: creating luaposix.rockspec
config.status:1133: creating config.h
config.status:1362: executing depfiles commands
config.status:1362: executing libtool commands

## ---------------- ##
## Cache variables. ##
## ---------------- ##

ac_cv_build=i686-pc-linux-gnu
ac_cv_c_compiler_gnu=yes
ac_cv_env_CC_set=
ac_cv_env_CC_value=
ac_cv_env_CFLAGS_set=
ac_cv_env_CFLAGS_value=
ac_cv_env_CPPFLAGS_set=
ac_cv_env_CPPFLAGS_value=
ac_cv_env_CPP_set=
ac_cv_env_CPP_value=
ac_cv_env_CURSES_LIB_set=
ac_cv_env_CURSES_LIB_value=
ac_cv_env_LDFLAGS_set=
ac_cv_env_LDFLAGS_value=
ac_cv_env_LIBS_set=
ac_cv_env_LIBS_value=
ac_cv_env_MD5SUM_set=
ac_cv_env_MD5SUM_value=
ac_cv_env_PERL_set=
ac_cv_env_PERL_value=
ac_cv_env_build_alias_set=
ac_cv_env_build_alias_value=
ac_cv_env_host_alias_set=
ac_cv_env_host_alias_value=
ac_cv_env_target_alias_set=
ac_cv_env_target_alias_value=
ac_cv_func_statvfs=yes
ac_cv_func_strlcpy=no
ac_cv_header_crypt_h=yes
ac_cv_header_dlfcn_h=yes
ac_cv_header_inttypes_h=yes
ac_cv_header_lua_h=no
ac_cv_header_lualib_h=no
ac_cv_header_memory_h=yes
ac_cv_header_minix_config_h=no
ac_cv_header_stdc=yes
ac_cv_header_stdint_h=yes
ac_cv_header_stdlib_h=yes
ac_cv_header_string_h=yes
ac_cv_header_strings_h=yes
ac_cv_header_sys_stat_h=yes
ac_cv_header_sys_statvfs_h=yes
ac_cv_header_sys_types_h=yes
ac_cv_header_unistd_h=yes
ac_cv_host=i686-pc-linux-gnu
ac_cv_objext=o
ac_cv_path_EGREP='/bin/grep -E'
ac_cv_path_FGREP='/bin/grep -F'
ac_cv_path_GREP=/bin/grep
ac_cv_path_LUA=/usr/bin/lua
ac_cv_path_MD5SUM=/usr/bin/md5sum
ac_cv_path_PERL=/usr/bin/perl
ac_cv_path_SED=/bin/sed
ac_cv_path_install='/usr/bin/install -c'
ac_cv_path_mkdir=/bin/mkdir
ac_cv_prog_AWK=gawk
ac_cv_prog_CPP='gcc -E'
ac_cv_prog_ac_ct_AR=ar
ac_cv_prog_ac_ct_CC=gcc
ac_cv_prog_ac_ct_MANIFEST_TOOL=mt
ac_cv_prog_ac_ct_OBJDUMP=objdump
ac_cv_prog_ac_ct_RANLIB=ranlib
ac_cv_prog_ac_ct_STRIP=strip
ac_cv_prog_cc_c89=
ac_cv_prog_cc_g=yes
ac_cv_prog_make_make_set=yes
ac_cv_safe_to_define___extensions__=yes
ac_cv_search_crypt=-lcrypt
am_cv_CC_dependencies_compiler_type=gcc3
am_cv_make_support_nested_variables=yes
ax_cv_curses=yes
ax_cv_curses_color=yes
ax_cv_curses_enhanced=no
ax_cv_curses_obsolete=yes
ax_cv_curses_which=ncurses
ax_cv_header_ncurses_curses_h=no
ax_cv_header_ncurses_h=yes
ax_cv_ncurses=yes
ax_cv_ncursesw=no
gl_cv_c_amsterdam_compiler=no
lt_cv_ar_at_file=@
lt_cv_archive_cmds_need_lc=no
lt_cv_deplibs_check_method=pass_all
lt_cv_file_magic_cmd='$MAGIC_CMD'
lt_cv_file_magic_test_file=
lt_cv_ld_reload_flag=-r
lt_cv_nm_interface='BSD nm'
lt_cv_objdir=.libs
lt_cv_path_LD=/usr/bin/ld
lt_cv_path_NM='/usr/bin/nm -B'
lt_cv_path_mainfest_tool=no
lt_cv_prog_compiler_c_o=yes
lt_cv_prog_compiler_pic='-fPIC -DPIC'
lt_cv_prog_compiler_pic_works=yes
lt_cv_prog_compiler_rtti_exceptions=no
lt_cv_prog_compiler_static_works=yes
lt_cv_prog_gnu_ld=yes
lt_cv_sharedlib_from_linklib_cmd='printf %s\n'
lt_cv_shlibpath_overrides_runpath=no
lt_cv_sys_global_symbol_pipe='sed -n -e '\''s/^.*[	 ]\([ABCDGIRSTW][ABCDGIRSTW]*\)[	 ][	 ]*\([_A-Za-z][_A-Za-z0-9]*\)$/\1 \2 \2/p'\'' | sed '\''/ __gnu_lto/d'\'''
lt_cv_sys_global_symbol_to_c_name_address='sed -n -e '\''s/^: \([^ ]*\)[ ]*$/  {\"\1\", (void *) 0},/p'\'' -e '\''s/^[ABCDGIRSTW]* \([^ ]*\) \([^ ]*\)$/  {"\2", (void *) \&\2},/p'\'''
lt_cv_sys_global_symbol_to_c_name_address_lib_prefix='sed -n -e '\''s/^: \([^ ]*\)[ ]*$/  {\"\1\", (void *) 0},/p'\'' -e '\''s/^[ABCDGIRSTW]* \([^ ]*\) \(lib[^ ]*\)$/  {"\2", (void *) \&\2},/p'\'' -e '\''s/^[ABCDGIRSTW]* \([^ ]*\) \([^ ]*\)$/  {"lib\2", (void *) \&\2},/p'\'''
lt_cv_sys_global_symbol_to_cdecl='sed -n -e '\''s/^T .* \(.*\)$/extern int \1();/p'\'' -e '\''s/^[ABCDGIRSTW]* .* \(.*\)$/extern char \1;/p'\'''
lt_cv_sys_max_cmd_len=1572864
lt_cv_to_host_file_cmd=func_convert_file_noop
lt_cv_to_tool_file_cmd=func_convert_file_noop

## ----------------- ##
## Output variables. ##
## ----------------- ##

ACLOCAL='${SHELL} /home/kriss/hg/lua/lua_posix/build-aux/missing --run aclocal-1.11'
AMDEPBACKSLASH='\'
AMDEP_FALSE='#'
AMDEP_TRUE=''
AMTAR='$${TAR-tar}'
AM_BACKSLASH='\'
AM_DEFAULT_V='$(AM_DEFAULT_VERBOSITY)'
AM_DEFAULT_VERBOSITY='0'
AM_V='$(V)'
AR='ar'
ARFLAGS='cru'
AUTOCONF='${SHELL} /home/kriss/hg/lua/lua_posix/build-aux/missing --run autoconf'
AUTOHEADER='${SHELL} /home/kriss/hg/lua/lua_posix/build-aux/missing --run autoheader'
AUTOMAKE='${SHELL} /home/kriss/hg/lua/lua_posix/build-aux/missing --run automake-1.11'
AWK='gawk'
CC='gcc'
CCDEPMODE='depmode=gcc3'
CFLAGS='-g -O2'
CPP='gcc -E'
CPPFLAGS=''
CURSES_LIB='-lncurses'
CYGPATH_W='echo'
DEFS='-DHAVE_CONFIG_H'
DEPDIR='.deps'
DLLTOOL='false'
DSYMUTIL=''
DUMPBIN=''
ECHO_C=''
ECHO_N='-n'
ECHO_T=''
EGREP='/bin/grep -E'
EXEEXT=''
FGREP='/bin/grep -F'
GL_COND_LIBTOOL_FALSE='#'
GL_COND_LIBTOOL_TRUE=''
GREP='/bin/grep'
INSTALL_DATA='${INSTALL} -m 644'
INSTALL_PROGRAM='${INSTALL}'
INSTALL_SCRIPT='${INSTALL}'
INSTALL_STRIP_PROGRAM='$(install_sh) -c -s'
LD='/usr/bin/ld'
LDFLAGS=''
LIBOBJS=''
LIBS='-lcrypt '
LIBTOOL='$(SHELL) $(top_builddir)/libtool'
LIBTOOL_DEPS='build-aux/ltmain.sh'
LIPO=''
LN_S='ln -s'
LTLIBOBJS=''
LUA='/usr/bin/lua'
LUA_INCLUDE=''
MAKEINFO='${SHELL} /home/kriss/hg/lua/lua_posix/build-aux/missing --run makeinfo'
MANIFEST_TOOL=':'
MD5SUM='/usr/bin/md5sum'
MKDIR_P='/bin/mkdir -p'
NM='/usr/bin/nm -B'
NMEDIT=''
OBJDUMP='objdump'
OBJEXT='o'
OTOOL64=''
OTOOL=''
PACKAGE='luaposix'
PACKAGE_BUGREPORT='rrt@sc3d.org'
PACKAGE_NAME='luaposix'
PACKAGE_STRING='luaposix 5.1.20'
PACKAGE_TARNAME='luaposix'
PACKAGE_URL=''
PACKAGE_VERSION='5.1.20'
PATH_SEPARATOR=':'
PERL='/usr/bin/perl'
POSIX_EXTRA_CFLAGS='-D_XOPEN_SOURCE=700'
POSIX_EXTRA_LDFLAGS='-lrt'
RANLIB='ranlib'
SED='/bin/sed'
SET_MAKE=''
SHELL='/bin/bash'
STRIP='strip'
VERSION='5.1.20'
WANTEDLIBS='curses_c.la'
WANTEDLUA='curses.lua'
WARN_CFLAGS=''
WERROR_CFLAGS=''
ac_ct_AR='ar'
ac_ct_CC='gcc'
ac_ct_DUMPBIN=''
am__EXEEXT_FALSE=''
am__EXEEXT_TRUE='#'
am__fastdepCC_FALSE='#'
am__fastdepCC_TRUE=''
am__include='include'
am__isrc=''
am__leading_dot='.'
am__nodep='_no'
am__quote=''
am__tar='$${TAR-tar} chof - "$$tardir"'
am__untar='$${TAR-tar} xf -'
bindir='${exec_prefix}/bin'
build='i686-pc-linux-gnu'
build_alias=''
build_cpu='i686'
build_os='linux-gnu'
build_vendor='pc'
datadir='${datarootdir}'
datarootdir='${prefix}/share'
docdir='${datarootdir}/doc/${PACKAGE_TARNAME}'
dvidir='${docdir}'
exec_prefix='${prefix}'
gl_LIBOBJS=''
gl_LTLIBOBJS=''
gltests_LIBOBJS=''
gltests_LTLIBOBJS=''
gltests_WITNESS='IN_LUAPOSIX_GNULIB_TESTS'
host='i686-pc-linux-gnu'
host_alias=''
host_cpu='i686'
host_os='linux-gnu'
host_vendor='pc'
htmldir='${docdir}'
includedir='${prefix}/include'
infodir='${datarootdir}/info'
install_sh='${SHELL} /home/kriss/hg/lua/lua_posix/build-aux/install-sh'
libdir='${exec_prefix}/lib'
libexecdir='${exec_prefix}/libexec'
localedir='${datarootdir}/locale'
localstatedir='${prefix}/var'
mandir='${datarootdir}/man'
mkdir_p='/bin/mkdir -p'
objdir='.libs'
oldincludedir='/usr/include'
pdfdir='${docdir}'
prefix='/usr/local'
program_transform_name='s,x,x,'
psdir='${docdir}'
sbindir='${exec_prefix}/sbin'
sharedstatedir='${prefix}/com'
shrext='.so'
sysconfdir='${prefix}/etc'
target_alias=''

## ----------- ##
## confdefs.h. ##
## ----------- ##

/* confdefs.h */
#define PACKAGE_NAME "luaposix"
#define PACKAGE_TARNAME "luaposix"
#define PACKAGE_VERSION "5.1.20"
#define PACKAGE_STRING "luaposix 5.1.20"
#define PACKAGE_BUGREPORT "rrt@sc3d.org"
#define PACKAGE_URL ""
#define PACKAGE "luaposix"
#define VERSION "5.1.20"
#define STDC_HEADERS 1
#define HAVE_SYS_TYPES_H 1
#define HAVE_SYS_STAT_H 1
#define HAVE_STDLIB_H 1
#define HAVE_STRING_H 1
#define HAVE_MEMORY_H 1
#define HAVE_STRINGS_H 1
#define HAVE_INTTYPES_H 1
#define HAVE_STDINT_H 1
#define HAVE_UNISTD_H 1
#define __EXTENSIONS__ 1
#define _ALL_SOURCE 1
#define _DARWIN_C_SOURCE 1
#define _GNU_SOURCE 1
#define _POSIX_PTHREAD_SEMANTICS 1
#define _TANDEM_SOURCE 1
#define HAVE_DLFCN_H 1
#define LT_OBJDIR ".libs/"
#define STDC_HEADERS 1
#define HAVE_CRYPT_H 1
#define HAVE_SYS_STATVFS_H 1
#define HAVE_CRYPT /**/
#define HAVE_STATVFS 1
#define HAVE_NCURSES 1
#define HAVE_CURSES 1
#define HAVE_CURSES_COLOR 1
#define HAVE_CURSES_OBSOLETE 1
#define HAVE_NCURSES_H 1

configure: exit 0
